Actel Designer Software
Version: 9.1.0.22
Release: v9.1 SPB


 Netlist Reading Time = 1.0 seconds
Imported the files:
   T:\Test
Working\KIK2-MSVisualStudio\VMS\100015532\Firmware\100015532TFW.Actel\synthesis\top_100015532TF\
W.edn
   T:\Test
Working\KIK2-MSVisualStudio\VMS\100015532\Firmware\100015532TFW.Actel\synthesis\top_100015532TF\
W_sdc.sdc
   T:\Test
Working\KIK2-MSVisualStudio\VMS\100015532\Firmware\100015532TFW.Actel\constraint\top_100015532T\
FW.pdc

The Import command succeeded ( 00:00:13 )
Info: The design T:\Test
      Working\KIK2-MSVisualStudio\VMS\100015532\Firmware\100015532TFW.Actel\designer\impl1\top_\
      100015532TFW.adb was last modified by software version 9.1.0.22.
Opened an existing Libero design T:\Test
Working\KIK2-MSVisualStudio\VMS\100015532\Firmware\100015532TFW.Actel\designer\impl1\top_100015\
532TFW.adb.
'BA_NAME' set to 'top_100015532TFW_ba'
'IDE_DESIGNERVIEW_NAME' set to 'Impl1'
'IDE_DESIGNERVIEW_COUNT' set to '1'
'IDE_DESIGNERVIEW_REV0' set to 'Impl1'
'IDE_DESIGNERVIEW_REVNUM0' set to '1'
'IDE_DESIGNERVIEW_ROOTDIR' set to 'T:\Test
Working\KIK2-MSVisualStudio\VMS\100015532\Firmware\100015532TFW.Actel\designer'
'IDE_DESIGNERVIEW_LASTREV' set to '1'

The Execute Script command succeeded ( 00:00:00 )
Warning: You changed the output filename from 'T:\Test
         Working\KIK2-MSVisualStudio\VMS\100015532\Firmware\100015532TFW.Actel\designer\impl1\t\
         op_100015532TFW' to 'T:\Test
         Working\KIK2-MSVisualStudio\VMS\100015532\Firmware\100015532TFW.Actel\100015532TFW'.
         This may impact Libero IDE. Do you wish to continue? [YES]
Warning: The following files already exist:
         
         T:\Test
         Working\KIK2-MSVisualStudio\VMS\100015532\Firmware\100015532TFW.Actel\100015532TFW.pdb
         
         Do you want to replace the files? [YES]
=====================================================================
Parameters used to run compile:
===============================

Family      : ProASIC3E
Device      : A3PE3000
Package     : 896 FBGA
Source      : T:\Test
Working\KIK2-MSVisualStudio\VMS\100015532\Firmware\100015532TFW.Actel\synthesis\top_100015532TF\
W.edn
              T:\Test
Working\KIK2-MSVisualStudio\VMS\100015532\Firmware\100015532TFW.Actel\synthesis\top_100015532TF\
W_sdc.sdc
              T:\Test
Working\KIK2-MSVisualStudio\VMS\100015532\Firmware\100015532TFW.Actel\constraint\top_100015532T\
FW.pdc
Format      : EDIF
Topcell     : top_100015532TFW
Speed grade : -2
Temp        : 0:25:70
Voltage     : 1.58:1.50:1.42

Keep Existing Physical Constraints : No
Keep Existing Timing Constraints   : Yes

pdc_abort_on_error                 : No
pdc_eco_display_unmatched_objects  : No
pdc_eco_max_warnings               : 10000

demote_globals                     : No
promote_globals                    : No
localclock_max_shared_instances    : 12
localclock_buffer_tree_max_fanout  : 12

combine_register                   : No
delete_buffer_tree                 : No

report_high_fanout_nets_limit      : 10

=====================================================================
Compile starts ...

Warning: CMP201: Net coll_mod/sd_clk16x_inst/Core_GLB drives no load.
Warning: CMP201: Net coll_mod/sd_clk16x_inst/Core_GLC drives no load.
Warning: CMP201: Net coll_mod/sd_clk16x_inst/Core_YB drives no load.
Warning: CMP201: Net coll_mod/sd_clk16x_inst/Core_YC drives no load.
Warning: CMP201: Net coll_mod/tx_buf_ram/Ram2048x8_DPort_R0C0_DOUTA2 drives no load.
Warning: CMP201: Net coll_mod/tx_buf_ram/Ram2048x8_DPort_R0C0_DOUTA3 drives no load.
Warning: CMP201: Net coll_mod/tx_buf_ram/Ram2048x8_DPort_R0C0_DOUTA4 drives no load.
Warning: CMP201: Net coll_mod/tx_buf_ram/Ram2048x8_DPort_R0C0_DOUTA5 drives no load.
Warning: CMP201: Net coll_mod/tx_buf_ram/Ram2048x8_DPort_R0C0_DOUTA6 drives no load.
Warning: CMP201: Net coll_mod/tx_buf_ram/Ram2048x8_DPort_R0C0_DOUTA7 drives no load.
Warning: CMP201: Net coll_mod/tx_buf_ram/Ram2048x8_DPort_R0C0_DOUTA8 drives no load.
Warning: CMP201: Net coll_mod/tx_buf_ram/Ram2048x8_DPort_R0C0_DOUTB2 drives no load.
Warning: CMP201: Net coll_mod/tx_buf_ram/Ram2048x8_DPort_R0C0_DOUTB3 drives no load.
Warning: CMP201: Net coll_mod/tx_buf_ram/Ram2048x8_DPort_R0C0_DOUTB4 drives no load.
Warning: CMP201: Net coll_mod/tx_buf_ram/Ram2048x8_DPort_R0C0_DOUTB5 drives no load.
Warning: CMP201: Net coll_mod/tx_buf_ram/Ram2048x8_DPort_R0C0_DOUTB6 drives no load.
Warning: CMP201: Net coll_mod/tx_buf_ram/Ram2048x8_DPort_R0C0_DOUTB7 drives no load.
Warning: CMP201: Net coll_mod/tx_buf_ram/Ram2048x8_DPort_R0C0_DOUTB8 drives no load.
Warning: CMP201: Net coll_mod/tx_buf_ram/Ram2048x8_DPort_R0C2_DOUTA2 drives no load.
Warning: CMP201: Net coll_mod/tx_buf_ram/Ram2048x8_DPort_R0C2_DOUTA3 drives no load.
Warning: CMP201: Net coll_mod/tx_buf_ram/Ram2048x8_DPort_R0C2_DOUTA4 drives no load.
Warning: CMP201: Net coll_mod/tx_buf_ram/Ram2048x8_DPort_R0C2_DOUTA5 drives no load.
Warning: CMP201: Net coll_mod/tx_buf_ram/Ram2048x8_DPort_R0C2_DOUTA6 drives no load.
Warning: CMP201: Net coll_mod/tx_buf_ram/Ram2048x8_DPort_R0C2_DOUTA7 drives no load.
Warning: CMP201: Net coll_mod/tx_buf_ram/Ram2048x8_DPort_R0C2_DOUTA8 drives no load.
Warning: CMP201: Net coll_mod/tx_buf_ram/Ram2048x8_DPort_R0C2_DOUTB2 drives no load.
Warning: CMP201: Net coll_mod/tx_buf_ram/Ram2048x8_DPort_R0C2_DOUTB3 drives no load.
Warning: CMP201: Net coll_mod/tx_buf_ram/Ram2048x8_DPort_R0C2_DOUTB4 drives no load.
Warning: CMP201: Net coll_mod/tx_buf_ram/Ram2048x8_DPort_R0C2_DOUTB5 drives no load.
Warning: CMP201: Net coll_mod/tx_buf_ram/Ram2048x8_DPort_R0C2_DOUTB6 drives no load.
Warning: CMP201: Net coll_mod/tx_buf_ram/Ram2048x8_DPort_R0C2_DOUTB7 drives no load.
Warning: CMP201: Net coll_mod/tx_buf_ram/Ram2048x8_DPort_R0C2_DOUTB8 drives no load.
Warning: CMP201: Net coll_mod/tx_buf_ram/Ram2048x8_DPort_R0C1_DOUTA2 drives no load.
Warning: CMP201: Net coll_mod/tx_buf_ram/Ram2048x8_DPort_R0C1_DOUTA3 drives no load.
Warning: CMP201: Net coll_mod/tx_buf_ram/Ram2048x8_DPort_R0C1_DOUTA4 drives no load.
Warning: CMP201: Net coll_mod/tx_buf_ram/Ram2048x8_DPort_R0C1_DOUTA5 drives no load.
Warning: CMP201: Net coll_mod/tx_buf_ram/Ram2048x8_DPort_R0C1_DOUTA6 drives no load.
Warning: CMP201: Net coll_mod/tx_buf_ram/Ram2048x8_DPort_R0C1_DOUTA7 drives no load.
Warning: CMP201: Net coll_mod/tx_buf_ram/Ram2048x8_DPort_R0C1_DOUTA8 drives no load.
Warning: CMP201: Net coll_mod/tx_buf_ram/Ram2048x8_DPort_R0C1_DOUTB2 drives no load.
Warning: CMP201: Net coll_mod/tx_buf_ram/Ram2048x8_DPort_R0C1_DOUTB3 drives no load.
Warning: CMP201: Net coll_mod/tx_buf_ram/Ram2048x8_DPort_R0C1_DOUTB4 drives no load.
Warning: CMP201: Net coll_mod/tx_buf_ram/Ram2048x8_DPort_R0C1_DOUTB5 drives no load.
Warning: CMP201: Net coll_mod/tx_buf_ram/Ram2048x8_DPort_R0C1_DOUTB6 drives no load.
Warning: CMP201: Net coll_mod/tx_buf_ram/Ram2048x8_DPort_R0C1_DOUTB7 drives no load.
Warning: CMP201: Net coll_mod/tx_buf_ram/Ram2048x8_DPort_R0C1_DOUTB8 drives no load.
Warning: CMP201: Net coll_mod/tx_buf_ram/Ram2048x8_DPort_R0C3_DOUTA2 drives no load.
Warning: CMP201: Net coll_mod/tx_buf_ram/Ram2048x8_DPort_R0C3_DOUTA3 drives no load.
Warning: CMP201: Net coll_mod/tx_buf_ram/Ram2048x8_DPort_R0C3_DOUTA4 drives no load.
Warning: CMP201: Net coll_mod/tx_buf_ram/Ram2048x8_DPort_R0C3_DOUTA5 drives no load.
Warning: CMP201: Net coll_mod/tx_buf_ram/Ram2048x8_DPort_R0C3_DOUTA6 drives no load.
Warning: CMP201: Net coll_mod/tx_buf_ram/Ram2048x8_DPort_R0C3_DOUTA7 drives no load.
Warning: CMP201: Net coll_mod/tx_buf_ram/Ram2048x8_DPort_R0C3_DOUTA8 drives no load.
Warning: CMP201: Net coll_mod/tx_buf_ram/Ram2048x8_DPort_R0C3_DOUTB2 drives no load.
Warning: CMP201: Net coll_mod/tx_buf_ram/Ram2048x8_DPort_R0C3_DOUTB3 drives no load.
Warning: CMP201: Net coll_mod/tx_buf_ram/Ram2048x8_DPort_R0C3_DOUTB4 drives no load.
Warning: CMP201: Net coll_mod/tx_buf_ram/Ram2048x8_DPort_R0C3_DOUTB5 drives no load.
Warning: CMP201: Net coll_mod/tx_buf_ram/Ram2048x8_DPort_R0C3_DOUTB6 drives no load.
Warning: CMP201: Net coll_mod/tx_buf_ram/Ram2048x8_DPort_R0C3_DOUTB7 drives no load.
Warning: CMP201: Net coll_mod/tx_buf_ram/Ram2048x8_DPort_R0C3_DOUTB8 drives no load.
Warning: CMP201: Net coll_mod/rx_buf_ram/Ram2048x8_TPort_R0C0_DOUTA0 drives no load.
Warning: CMP201: Net coll_mod/rx_buf_ram/Ram2048x8_TPort_R0C0_DOUTA1 drives no load.
Warning: CMP201: Net coll_mod/rx_buf_ram/Ram2048x8_TPort_R0C0_DOUTA2 drives no load.
Warning: CMP201: Net coll_mod/rx_buf_ram/Ram2048x8_TPort_R0C0_DOUTA3 drives no load.
Warning: CMP201: Net coll_mod/rx_buf_ram/Ram2048x8_TPort_R0C0_DOUTA4 drives no load.
Warning: CMP201: Net coll_mod/rx_buf_ram/Ram2048x8_TPort_R0C0_DOUTA5 drives no load.
Warning: CMP201: Net coll_mod/rx_buf_ram/Ram2048x8_TPort_R0C0_DOUTA6 drives no load.
Warning: CMP201: Net coll_mod/rx_buf_ram/Ram2048x8_TPort_R0C0_DOUTA7 drives no load.
Warning: CMP201: Net coll_mod/rx_buf_ram/Ram2048x8_TPort_R0C0_DOUTA8 drives no load.
Warning: CMP201: Net coll_mod/rx_buf_ram/Ram2048x8_TPort_R0C0_DOUTB2 drives no load.
Warning: CMP201: Net coll_mod/rx_buf_ram/Ram2048x8_TPort_R0C0_DOUTB3 drives no load.
Warning: CMP201: Net coll_mod/rx_buf_ram/Ram2048x8_TPort_R0C0_DOUTB4 drives no load.
Warning: CMP201: Net coll_mod/rx_buf_ram/Ram2048x8_TPort_R0C0_DOUTB5 drives no load.
Warning: CMP201: Net coll_mod/rx_buf_ram/Ram2048x8_TPort_R0C0_DOUTB6 drives no load.
Warning: CMP201: Net coll_mod/rx_buf_ram/Ram2048x8_TPort_R0C0_DOUTB7 drives no load.
Warning: CMP201: Net coll_mod/rx_buf_ram/Ram2048x8_TPort_R0C0_DOUTB8 drives no load.
Warning: CMP201: Net coll_mod/rx_buf_ram/Ram2048x8_TPort_R0C2_DOUTA0 drives no load.
Warning: CMP201: Net coll_mod/rx_buf_ram/Ram2048x8_TPort_R0C2_DOUTA1 drives no load.
Warning: CMP201: Net coll_mod/rx_buf_ram/Ram2048x8_TPort_R0C2_DOUTA2 drives no load.
Warning: CMP201: Net coll_mod/rx_buf_ram/Ram2048x8_TPort_R0C2_DOUTA3 drives no load.
Warning: CMP201: Net coll_mod/rx_buf_ram/Ram2048x8_TPort_R0C2_DOUTA4 drives no load.
Warning: CMP201: Net coll_mod/rx_buf_ram/Ram2048x8_TPort_R0C2_DOUTA5 drives no load.
Warning: CMP201: Net coll_mod/rx_buf_ram/Ram2048x8_TPort_R0C2_DOUTA6 drives no load.
Warning: CMP201: Net coll_mod/rx_buf_ram/Ram2048x8_TPort_R0C2_DOUTA7 drives no load.
Warning: CMP201: Net coll_mod/rx_buf_ram/Ram2048x8_TPort_R0C2_DOUTA8 drives no load.
Warning: CMP201: Net coll_mod/rx_buf_ram/Ram2048x8_TPort_R0C2_DOUTB2 drives no load.
Warning: CMP201: Net coll_mod/rx_buf_ram/Ram2048x8_TPort_R0C2_DOUTB3 drives no load.
Warning: CMP201: Net coll_mod/rx_buf_ram/Ram2048x8_TPort_R0C2_DOUTB4 drives no load.
Warning: CMP201: Net coll_mod/rx_buf_ram/Ram2048x8_TPort_R0C2_DOUTB5 drives no load.
Warning: CMP201: Net coll_mod/rx_buf_ram/Ram2048x8_TPort_R0C2_DOUTB6 drives no load.
Warning: CMP201: Net coll_mod/rx_buf_ram/Ram2048x8_TPort_R0C2_DOUTB7 drives no load.
Warning: CMP201: Net coll_mod/rx_buf_ram/Ram2048x8_TPort_R0C2_DOUTB8 drives no load.
Warning: CMP201: Net coll_mod/rx_buf_ram/Ram2048x8_TPort_R0C1_DOUTA0 drives no load.
Warning: CMP201: Net coll_mod/rx_buf_ram/Ram2048x8_TPort_R0C1_DOUTA1 drives no load.
Warning: CMP201: Net coll_mod/rx_buf_ram/Ram2048x8_TPort_R0C1_DOUTA2 drives no load.
Warning: CMP201: Net coll_mod/rx_buf_ram/Ram2048x8_TPort_R0C1_DOUTA3 drives no load.
Warning: CMP201: Net coll_mod/rx_buf_ram/Ram2048x8_TPort_R0C1_DOUTA4 drives no load.
Warning: CMP201: Net coll_mod/rx_buf_ram/Ram2048x8_TPort_R0C1_DOUTA5 drives no load.
Warning: CMP201: Net coll_mod/rx_buf_ram/Ram2048x8_TPort_R0C1_DOUTA6 drives no load.
Warning: CMP201: Net coll_mod/rx_buf_ram/Ram2048x8_TPort_R0C1_DOUTA7 drives no load.
Warning: CMP201: Net coll_mod/rx_buf_ram/Ram2048x8_TPort_R0C1_DOUTA8 drives no load.
Warning: CMP201: Net coll_mod/rx_buf_ram/Ram2048x8_TPort_R0C1_DOUTB2 drives no load.
Warning: CMP201: Net coll_mod/rx_buf_ram/Ram2048x8_TPort_R0C1_DOUTB3 drives no load.
Warning: CMP201: Net coll_mod/rx_buf_ram/Ram2048x8_TPort_R0C1_DOUTB4 drives no load.
Warning: CMP201: Net coll_mod/rx_buf_ram/Ram2048x8_TPort_R0C1_DOUTB5 drives no load.
Warning: CMP201: Net coll_mod/rx_buf_ram/Ram2048x8_TPort_R0C1_DOUTB6 drives no load.
Warning: CMP201: Net coll_mod/rx_buf_ram/Ram2048x8_TPort_R0C1_DOUTB7 drives no load.
Warning: CMP201: Net coll_mod/rx_buf_ram/Ram2048x8_TPort_R0C1_DOUTB8 drives no load.
Warning: CMP201: Net coll_mod/rx_buf_ram/Ram2048x8_TPort_R0C3_DOUTA0 drives no load.
Warning: CMP201: Net coll_mod/rx_buf_ram/Ram2048x8_TPort_R0C3_DOUTA1 drives no load.
Warning: CMP201: Net coll_mod/rx_buf_ram/Ram2048x8_TPort_R0C3_DOUTA2 drives no load.
Warning: CMP201: Net coll_mod/rx_buf_ram/Ram2048x8_TPort_R0C3_DOUTA3 drives no load.
Warning: CMP201: Net coll_mod/rx_buf_ram/Ram2048x8_TPort_R0C3_DOUTA4 drives no load.
Warning: CMP201: Net coll_mod/rx_buf_ram/Ram2048x8_TPort_R0C3_DOUTA5 drives no load.
Warning: CMP201: Net coll_mod/rx_buf_ram/Ram2048x8_TPort_R0C3_DOUTA6 drives no load.
Warning: CMP201: Net coll_mod/rx_buf_ram/Ram2048x8_TPort_R0C3_DOUTA7 drives no load.
Warning: CMP201: Net coll_mod/rx_buf_ram/Ram2048x8_TPort_R0C3_DOUTA8 drives no load.
Warning: CMP201: Net coll_mod/rx_buf_ram/Ram2048x8_TPort_R0C3_DOUTB2 drives no load.
Warning: CMP201: Net coll_mod/rx_buf_ram/Ram2048x8_TPort_R0C3_DOUTB3 drives no load.
Warning: CMP201: Net coll_mod/rx_buf_ram/Ram2048x8_TPort_R0C3_DOUTB4 drives no load.
Warning: CMP201: Net coll_mod/rx_buf_ram/Ram2048x8_TPort_R0C3_DOUTB5 drives no load.
Warning: CMP201: Net coll_mod/rx_buf_ram/Ram2048x8_TPort_R0C3_DOUTB6 drives no load.
Warning: CMP201: Net coll_mod/rx_buf_ram/Ram2048x8_TPort_R0C3_DOUTB7 drives no load.
Warning: CMP201: Net coll_mod/rx_buf_ram/Ram2048x8_TPort_R0C3_DOUTB8 drives no load.
Warning: CMP201: Net ad1_mod/data_in_ram/Ram4096x16_TPort_R0C11_DOUTA0 drives no load.
Warning: CMP201: Net ad1_mod/data_in_ram/Ram4096x16_TPort_R0C11_DOUTA1 drives no load.
Warning: CMP201: Net ad1_mod/data_in_ram/Ram4096x16_TPort_R0C11_DOUTA2 drives no load.
Warning: CMP201: Net ad1_mod/data_in_ram/Ram4096x16_TPort_R0C11_DOUTA3 drives no load.
Warning: CMP201: Net ad1_mod/data_in_ram/Ram4096x16_TPort_R0C11_DOUTA4 drives no load.
Warning: CMP201: Net ad1_mod/data_in_ram/Ram4096x16_TPort_R0C11_DOUTA5 drives no load.
Warning: CMP201: Net ad1_mod/data_in_ram/Ram4096x16_TPort_R0C11_DOUTA6 drives no load.
Warning: CMP201: Net ad1_mod/data_in_ram/Ram4096x16_TPort_R0C11_DOUTA7 drives no load.
Warning: CMP201: Net ad1_mod/data_in_ram/Ram4096x16_TPort_R0C11_DOUTA8 drives no load.
Warning: CMP201: Net ad1_mod/data_in_ram/Ram4096x16_TPort_R0C11_DOUTB1 drives no load.
Warning: CMP201: Net ad1_mod/data_in_ram/Ram4096x16_TPort_R0C11_DOUTB2 drives no load.
Warning: CMP201: Net ad1_mod/data_in_ram/Ram4096x16_TPort_R0C11_DOUTB3 drives no load.
Warning: CMP201: Net ad1_mod/data_in_ram/Ram4096x16_TPort_R0C11_DOUTB4 drives no load.
Warning: CMP201: Net ad1_mod/data_in_ram/Ram4096x16_TPort_R0C11_DOUTB5 drives no load.
Warning: CMP201: Net ad1_mod/data_in_ram/Ram4096x16_TPort_R0C11_DOUTB6 drives no load.
Warning: CMP201: Net ad1_mod/data_in_ram/Ram4096x16_TPort_R0C11_DOUTB7 drives no load.
Warning: CMP201: Net ad1_mod/data_in_ram/Ram4096x16_TPort_R0C11_DOUTB8 drives no load.
Warning: CMP201: Net ad1_mod/data_in_ram/Ram4096x16_TPort_R0C14_DOUTA0 drives no load.
Warning: CMP201: Net ad1_mod/data_in_ram/Ram4096x16_TPort_R0C14_DOUTA1 drives no load.
Warning: CMP201: Net ad1_mod/data_in_ram/Ram4096x16_TPort_R0C14_DOUTA2 drives no load.
Warning: CMP201: Net ad1_mod/data_in_ram/Ram4096x16_TPort_R0C14_DOUTA3 drives no load.
Warning: CMP201: Net ad1_mod/data_in_ram/Ram4096x16_TPort_R0C14_DOUTA4 drives no load.
Warning: CMP201: Net ad1_mod/data_in_ram/Ram4096x16_TPort_R0C14_DOUTA5 drives no load.
Warning: CMP201: Net ad1_mod/data_in_ram/Ram4096x16_TPort_R0C14_DOUTA6 drives no load.
Warning: CMP201: Net ad1_mod/data_in_ram/Ram4096x16_TPort_R0C14_DOUTA7 drives no load.
Warning: CMP201: Net ad1_mod/data_in_ram/Ram4096x16_TPort_R0C14_DOUTA8 drives no load.
Warning: CMP201: Net ad1_mod/data_in_ram/Ram4096x16_TPort_R0C14_DOUTB1 drives no load.
Warning: CMP201: Net ad1_mod/data_in_ram/Ram4096x16_TPort_R0C14_DOUTB2 drives no load.
Warning: CMP201: Net ad1_mod/data_in_ram/Ram4096x16_TPort_R0C14_DOUTB3 drives no load.
Warning: CMP201: Net ad1_mod/data_in_ram/Ram4096x16_TPort_R0C14_DOUTB4 drives no load.
Warning: CMP201: Net ad1_mod/data_in_ram/Ram4096x16_TPort_R0C14_DOUTB5 drives no load.
Warning: CMP201: Net ad1_mod/data_in_ram/Ram4096x16_TPort_R0C14_DOUTB6 drives no load.
Warning: CMP201: Net ad1_mod/data_in_ram/Ram4096x16_TPort_R0C14_DOUTB7 drives no load.
Warning: CMP201: Net ad1_mod/data_in_ram/Ram4096x16_TPort_R0C14_DOUTB8 drives no load.
Warning: CMP201: Net ad1_mod/data_in_ram/Ram4096x16_TPort_R0C9_DOUTA0 drives no load.
Warning: CMP201: Net ad1_mod/data_in_ram/Ram4096x16_TPort_R0C9_DOUTA1 drives no load.
Warning: CMP201: Net ad1_mod/data_in_ram/Ram4096x16_TPort_R0C9_DOUTA2 drives no load.
Warning: CMP201: Net ad1_mod/data_in_ram/Ram4096x16_TPort_R0C9_DOUTA3 drives no load.
Warning: CMP201: Net ad1_mod/data_in_ram/Ram4096x16_TPort_R0C9_DOUTA4 drives no load.
Warning: CMP201: Net ad1_mod/data_in_ram/Ram4096x16_TPort_R0C9_DOUTA5 drives no load.
Warning: CMP201: Net ad1_mod/data_in_ram/Ram4096x16_TPort_R0C9_DOUTA6 drives no load.
Warning: CMP201: Net ad1_mod/data_in_ram/Ram4096x16_TPort_R0C9_DOUTA7 drives no load.
Warning: CMP201: Net ad1_mod/data_in_ram/Ram4096x16_TPort_R0C9_DOUTA8 drives no load.
Warning: CMP201: Net ad1_mod/data_in_ram/Ram4096x16_TPort_R0C9_DOUTB1 drives no load.
Warning: CMP201: Net ad1_mod/data_in_ram/Ram4096x16_TPort_R0C9_DOUTB2 drives no load.
Warning: CMP201: Net ad1_mod/data_in_ram/Ram4096x16_TPort_R0C9_DOUTB3 drives no load.
Warning: CMP201: Net ad1_mod/data_in_ram/Ram4096x16_TPort_R0C9_DOUTB4 drives no load.
Warning: CMP201: Net ad1_mod/data_in_ram/Ram4096x16_TPort_R0C9_DOUTB5 drives no load.
Warning: CMP201: Net ad1_mod/data_in_ram/Ram4096x16_TPort_R0C9_DOUTB6 drives no load.
Warning: CMP201: Net ad1_mod/data_in_ram/Ram4096x16_TPort_R0C9_DOUTB7 drives no load.
Warning: CMP201: Net ad1_mod/data_in_ram/Ram4096x16_TPort_R0C9_DOUTB8 drives no load.
Warning: CMP201: Net ad1_mod/data_in_ram/Ram4096x16_TPort_R0C4_DOUTA0 drives no load.
Warning: CMP201: Net ad1_mod/data_in_ram/Ram4096x16_TPort_R0C4_DOUTA1 drives no load.
Warning: CMP201: Net ad1_mod/data_in_ram/Ram4096x16_TPort_R0C4_DOUTA2 drives no load.
Warning: CMP201: Net ad1_mod/data_in_ram/Ram4096x16_TPort_R0C4_DOUTA3 drives no load.
Warning: CMP201: Net ad1_mod/data_in_ram/Ram4096x16_TPort_R0C4_DOUTA4 drives no load.
Warning: CMP201: Net ad1_mod/data_in_ram/Ram4096x16_TPort_R0C4_DOUTA5 drives no load.
Warning: CMP201: Net ad1_mod/data_in_ram/Ram4096x16_TPort_R0C4_DOUTA6 drives no load.
Warning: CMP201: Net ad1_mod/data_in_ram/Ram4096x16_TPort_R0C4_DOUTA7 drives no load.
Warning: CMP201: Net ad1_mod/data_in_ram/Ram4096x16_TPort_R0C4_DOUTA8 drives no load.
Warning: CMP201: Net ad1_mod/data_in_ram/Ram4096x16_TPort_R0C4_DOUTB1 drives no load.
Warning: CMP201: Net ad1_mod/data_in_ram/Ram4096x16_TPort_R0C4_DOUTB2 drives no load.
Warning: CMP201: Net ad1_mod/data_in_ram/Ram4096x16_TPort_R0C4_DOUTB3 drives no load.
Warning: CMP201: Net ad1_mod/data_in_ram/Ram4096x16_TPort_R0C4_DOUTB4 drives no load.
Warning: CMP201: Net ad1_mod/data_in_ram/Ram4096x16_TPort_R0C4_DOUTB5 drives no load.
Warning: CMP201: Net ad1_mod/data_in_ram/Ram4096x16_TPort_R0C4_DOUTB6 drives no load.
Warning: CMP201: Net ad1_mod/data_in_ram/Ram4096x16_TPort_R0C4_DOUTB7 drives no load.
Warning: CMP201: Net ad1_mod/data_in_ram/Ram4096x16_TPort_R0C4_DOUTB8 drives no load.
Warning: CMP201: Net ad1_mod/data_in_ram/Ram4096x16_TPort_R0C10_DOUTA0 drives no load.
Warning: CMP201: Net ad1_mod/data_in_ram/Ram4096x16_TPort_R0C10_DOUTA1 drives no load.
Warning: CMP201: Net ad1_mod/data_in_ram/Ram4096x16_TPort_R0C10_DOUTA2 drives no load.
Warning: CMP201: Net ad1_mod/data_in_ram/Ram4096x16_TPort_R0C10_DOUTA3 drives no load.
Warning: CMP201: Net ad1_mod/data_in_ram/Ram4096x16_TPort_R0C10_DOUTA4 drives no load.
Warning: CMP201: Net ad1_mod/data_in_ram/Ram4096x16_TPort_R0C10_DOUTA5 drives no load.
Warning: CMP201: Net ad1_mod/data_in_ram/Ram4096x16_TPort_R0C10_DOUTA6 drives no load.
Warning: CMP201: Net ad1_mod/data_in_ram/Ram4096x16_TPort_R0C10_DOUTA7 drives no load.
Warning: CMP201: Net ad1_mod/data_in_ram/Ram4096x16_TPort_R0C10_DOUTA8 drives no load.
Warning: CMP201: Net ad1_mod/data_in_ram/Ram4096x16_TPort_R0C10_DOUTB1 drives no load.
Warning: CMP201: Net ad1_mod/data_in_ram/Ram4096x16_TPort_R0C10_DOUTB2 drives no load.
Warning: CMP201: Net ad1_mod/data_in_ram/Ram4096x16_TPort_R0C10_DOUTB3 drives no load.
Warning: CMP201: Net ad1_mod/data_in_ram/Ram4096x16_TPort_R0C10_DOUTB4 drives no load.
Warning: CMP201: Net ad1_mod/data_in_ram/Ram4096x16_TPort_R0C10_DOUTB5 drives no load.
Warning: CMP201: Net ad1_mod/data_in_ram/Ram4096x16_TPort_R0C10_DOUTB6 drives no load.
Warning: CMP201: Net ad1_mod/data_in_ram/Ram4096x16_TPort_R0C10_DOUTB7 drives no load.
Warning: CMP201: Net ad1_mod/data_in_ram/Ram4096x16_TPort_R0C10_DOUTB8 drives no load.
Warning: CMP201: Net ad1_mod/data_in_ram/Ram4096x16_TPort_R0C15_DOUTA0 drives no load.
Warning: CMP201: Net ad1_mod/data_in_ram/Ram4096x16_TPort_R0C15_DOUTA1 drives no load.
Warning: CMP201: Net ad1_mod/data_in_ram/Ram4096x16_TPort_R0C15_DOUTA2 drives no load.
Warning: CMP201: Net ad1_mod/data_in_ram/Ram4096x16_TPort_R0C15_DOUTA3 drives no load.
Warning: CMP201: Net ad1_mod/data_in_ram/Ram4096x16_TPort_R0C15_DOUTA4 drives no load.
Warning: CMP201: Net ad1_mod/data_in_ram/Ram4096x16_TPort_R0C15_DOUTA5 drives no load.
Warning: CMP201: Net ad1_mod/data_in_ram/Ram4096x16_TPort_R0C15_DOUTA6 drives no load.
Warning: CMP201: Net ad1_mod/data_in_ram/Ram4096x16_TPort_R0C15_DOUTA7 drives no load.
Warning: CMP201: Net ad1_mod/data_in_ram/Ram4096x16_TPort_R0C15_DOUTA8 drives no load.
Warning: CMP201: Net ad1_mod/data_in_ram/Ram4096x16_TPort_R0C15_DOUTB1 drives no load.
Warning: CMP201: Net ad1_mod/data_in_ram/Ram4096x16_TPort_R0C15_DOUTB2 drives no load.
Warning: CMP201: Net ad1_mod/data_in_ram/Ram4096x16_TPort_R0C15_DOUTB3 drives no load.
Warning: CMP201: Net ad1_mod/data_in_ram/Ram4096x16_TPort_R0C15_DOUTB4 drives no load.
Warning: CMP201: Net ad1_mod/data_in_ram/Ram4096x16_TPort_R0C15_DOUTB5 drives no load.
Warning: CMP201: Net ad1_mod/data_in_ram/Ram4096x16_TPort_R0C15_DOUTB6 drives no load.
Warning: CMP201: Net ad1_mod/data_in_ram/Ram4096x16_TPort_R0C15_DOUTB7 drives no load.
Warning: CMP201: Net ad1_mod/data_in_ram/Ram4096x16_TPort_R0C15_DOUTB8 drives no load.
Warning: CMP201: Net ad1_mod/data_in_ram/Ram4096x16_TPort_R0C8_DOUTA0 drives no load.
Warning: CMP201: Net ad1_mod/data_in_ram/Ram4096x16_TPort_R0C8_DOUTA1 drives no load.
Warning: CMP201: Net ad1_mod/data_in_ram/Ram4096x16_TPort_R0C8_DOUTA2 drives no load.
Warning: CMP201: Net ad1_mod/data_in_ram/Ram4096x16_TPort_R0C8_DOUTA3 drives no load.
Warning: CMP201: Net ad1_mod/data_in_ram/Ram4096x16_TPort_R0C8_DOUTA4 drives no load.
Warning: CMP201: Net ad1_mod/data_in_ram/Ram4096x16_TPort_R0C8_DOUTA5 drives no load.
Warning: CMP201: Net ad1_mod/data_in_ram/Ram4096x16_TPort_R0C8_DOUTA6 drives no load.
Warning: CMP201: Net ad1_mod/data_in_ram/Ram4096x16_TPort_R0C8_DOUTA7 drives no load.
Warning: CMP201: Net ad1_mod/data_in_ram/Ram4096x16_TPort_R0C8_DOUTA8 drives no load.
Warning: CMP201: Net ad1_mod/data_in_ram/Ram4096x16_TPort_R0C8_DOUTB1 drives no load.
Warning: CMP201: Net ad1_mod/data_in_ram/Ram4096x16_TPort_R0C8_DOUTB2 drives no load.
Warning: CMP201: Net ad1_mod/data_in_ram/Ram4096x16_TPort_R0C8_DOUTB3 drives no load.
Warning: CMP201: Net ad1_mod/data_in_ram/Ram4096x16_TPort_R0C8_DOUTB4 drives no load.
Warning: CMP201: Net ad1_mod/data_in_ram/Ram4096x16_TPort_R0C8_DOUTB5 drives no load.
Warning: CMP201: Net ad1_mod/data_in_ram/Ram4096x16_TPort_R0C8_DOUTB6 drives no load.
Warning: CMP201: Net ad1_mod/data_in_ram/Ram4096x16_TPort_R0C8_DOUTB7 drives no load.
Warning: CMP201: Net ad1_mod/data_in_ram/Ram4096x16_TPort_R0C8_DOUTB8 drives no load.
Warning: CMP201: Net ad1_mod/data_in_ram/Ram4096x16_TPort_R0C0_DOUTA0 drives no load.
Warning: CMP201: Net ad1_mod/data_in_ram/Ram4096x16_TPort_R0C0_DOUTA1 drives no load.
Warning: CMP201: Net ad1_mod/data_in_ram/Ram4096x16_TPort_R0C0_DOUTA2 drives no load.
Warning: CMP201: Net ad1_mod/data_in_ram/Ram4096x16_TPort_R0C0_DOUTA3 drives no load.
Warning: CMP201: Net ad1_mod/data_in_ram/Ram4096x16_TPort_R0C0_DOUTA4 drives no load.
Warning: CMP201: Net ad1_mod/data_in_ram/Ram4096x16_TPort_R0C0_DOUTA5 drives no load.
Warning: CMP201: Net ad1_mod/data_in_ram/Ram4096x16_TPort_R0C0_DOUTA6 drives no load.
Warning: CMP201: Net ad1_mod/data_in_ram/Ram4096x16_TPort_R0C0_DOUTA7 drives no load.
Warning: CMP201: Net ad1_mod/data_in_ram/Ram4096x16_TPort_R0C0_DOUTA8 drives no load.
Warning: CMP201: Net ad1_mod/data_in_ram/Ram4096x16_TPort_R0C0_DOUTB1 drives no load.
Warning: CMP201: Net ad1_mod/data_in_ram/Ram4096x16_TPort_R0C0_DOUTB2 drives no load.
Warning: CMP201: Net ad1_mod/data_in_ram/Ram4096x16_TPort_R0C0_DOUTB3 drives no load.
Warning: CMP201: Net ad1_mod/data_in_ram/Ram4096x16_TPort_R0C0_DOUTB4 drives no load.
Warning: CMP201: Net ad1_mod/data_in_ram/Ram4096x16_TPort_R0C0_DOUTB5 drives no load.
Warning: CMP201: Net ad1_mod/data_in_ram/Ram4096x16_TPort_R0C0_DOUTB6 drives no load.
Warning: CMP201: Net ad1_mod/data_in_ram/Ram4096x16_TPort_R0C0_DOUTB7 drives no load.
Warning: CMP201: Net ad1_mod/data_in_ram/Ram4096x16_TPort_R0C0_DOUTB8 drives no load.
Warning: CMP201: Net ad1_mod/data_in_ram/Ram4096x16_TPort_R0C2_DOUTA0 drives no load.
Warning: CMP201: Net ad1_mod/data_in_ram/Ram4096x16_TPort_R0C2_DOUTA1 drives no load.
Warning: CMP201: Net ad1_mod/data_in_ram/Ram4096x16_TPort_R0C2_DOUTA2 drives no load.
Warning: CMP201: Net ad1_mod/data_in_ram/Ram4096x16_TPort_R0C2_DOUTA3 drives no load.
Warning: CMP201: Net ad1_mod/data_in_ram/Ram4096x16_TPort_R0C2_DOUTA4 drives no load.
Warning: CMP201: Net ad1_mod/data_in_ram/Ram4096x16_TPort_R0C2_DOUTA5 drives no load.
Warning: CMP201: Net ad1_mod/data_in_ram/Ram4096x16_TPort_R0C2_DOUTA6 drives no load.
Warning: CMP201: Net ad1_mod/data_in_ram/Ram4096x16_TPort_R0C2_DOUTA7 drives no load.
Warning: CMP201: Net ad1_mod/data_in_ram/Ram4096x16_TPort_R0C2_DOUTA8 drives no load.
Warning: CMP201: Net ad1_mod/data_in_ram/Ram4096x16_TPort_R0C2_DOUTB1 drives no load.
Warning: CMP201: Net ad1_mod/data_in_ram/Ram4096x16_TPort_R0C2_DOUTB2 drives no load.
Warning: CMP201: Net ad1_mod/data_in_ram/Ram4096x16_TPort_R0C2_DOUTB3 drives no load.
Warning: CMP201: Net ad1_mod/data_in_ram/Ram4096x16_TPort_R0C2_DOUTB4 drives no load.
Warning: CMP201: Net ad1_mod/data_in_ram/Ram4096x16_TPort_R0C2_DOUTB5 drives no load.
Warning: CMP201: Net ad1_mod/data_in_ram/Ram4096x16_TPort_R0C2_DOUTB6 drives no load.
Warning: CMP201: Net ad1_mod/data_in_ram/Ram4096x16_TPort_R0C2_DOUTB7 drives no load.
Warning: CMP201: Net ad1_mod/data_in_ram/Ram4096x16_TPort_R0C2_DOUTB8 drives no load.
Warning: CMP201: Net ad1_mod/data_in_ram/Ram4096x16_TPort_R0C3_DOUTA0 drives no load.
Warning: CMP201: Net ad1_mod/data_in_ram/Ram4096x16_TPort_R0C3_DOUTA1 drives no load.
Warning: CMP201: Net ad1_mod/data_in_ram/Ram4096x16_TPort_R0C3_DOUTA2 drives no load.
Warning: CMP201: Net ad1_mod/data_in_ram/Ram4096x16_TPort_R0C3_DOUTA3 drives no load.
Warning: CMP201: Net ad1_mod/data_in_ram/Ram4096x16_TPort_R0C3_DOUTA4 drives no load.
Warning: CMP201: Net ad1_mod/data_in_ram/Ram4096x16_TPort_R0C3_DOUTA5 drives no load.
Warning: CMP201: Net ad1_mod/data_in_ram/Ram4096x16_TPort_R0C3_DOUTA6 drives no load.
Warning: CMP201: Net ad1_mod/data_in_ram/Ram4096x16_TPort_R0C3_DOUTA7 drives no load.
Warning: CMP201: Net ad1_mod/data_in_ram/Ram4096x16_TPort_R0C3_DOUTA8 drives no load.
Warning: CMP201: Net ad1_mod/data_in_ram/Ram4096x16_TPort_R0C3_DOUTB1 drives no load.
Warning: CMP201: Net ad1_mod/data_in_ram/Ram4096x16_TPort_R0C3_DOUTB2 drives no load.
Warning: CMP201: Net ad1_mod/data_in_ram/Ram4096x16_TPort_R0C3_DOUTB3 drives no load.
Warning: CMP201: Net ad1_mod/data_in_ram/Ram4096x16_TPort_R0C3_DOUTB4 drives no load.
Warning: CMP201: Net ad1_mod/data_in_ram/Ram4096x16_TPort_R0C3_DOUTB5 drives no load.
Warning: CMP201: Net ad1_mod/data_in_ram/Ram4096x16_TPort_R0C3_DOUTB6 drives no load.
Warning: CMP201: Net ad1_mod/data_in_ram/Ram4096x16_TPort_R0C3_DOUTB7 drives no load.
Warning: CMP201: Net ad1_mod/data_in_ram/Ram4096x16_TPort_R0C3_DOUTB8 drives no load.
Warning: CMP201: Net ad1_mod/data_in_ram/Ram4096x16_TPort_R0C6_DOUTA0 drives no load.
Warning: CMP201: Net ad1_mod/data_in_ram/Ram4096x16_TPort_R0C6_DOUTA1 drives no load.
Warning: CMP201: Net ad1_mod/data_in_ram/Ram4096x16_TPort_R0C6_DOUTA2 drives no load.
Warning: CMP201: Net ad1_mod/data_in_ram/Ram4096x16_TPort_R0C6_DOUTA3 drives no load.
Warning: CMP201: Net ad1_mod/data_in_ram/Ram4096x16_TPort_R0C6_DOUTA4 drives no load.
Warning: CMP201: Net ad1_mod/data_in_ram/Ram4096x16_TPort_R0C6_DOUTA5 drives no load.
Warning: CMP201: Net ad1_mod/data_in_ram/Ram4096x16_TPort_R0C6_DOUTA6 drives no load.
Warning: CMP201: Net ad1_mod/data_in_ram/Ram4096x16_TPort_R0C6_DOUTA7 drives no load.
Warning: CMP201: Net ad1_mod/data_in_ram/Ram4096x16_TPort_R0C6_DOUTA8 drives no load.
Warning: CMP201: Net ad1_mod/data_in_ram/Ram4096x16_TPort_R0C6_DOUTB1 drives no load.
Warning: CMP201: Net ad1_mod/data_in_ram/Ram4096x16_TPort_R0C6_DOUTB2 drives no load.
Warning: CMP201: Net ad1_mod/data_in_ram/Ram4096x16_TPort_R0C6_DOUTB3 drives no load.
Warning: CMP201: Net ad1_mod/data_in_ram/Ram4096x16_TPort_R0C6_DOUTB4 drives no load.
Warning: CMP201: Net ad1_mod/data_in_ram/Ram4096x16_TPort_R0C6_DOUTB5 drives no load.
Warning: CMP201: Net ad1_mod/data_in_ram/Ram4096x16_TPort_R0C6_DOUTB6 drives no load.
Warning: CMP201: Net ad1_mod/data_in_ram/Ram4096x16_TPort_R0C6_DOUTB7 drives no load.
Warning: CMP201: Net ad1_mod/data_in_ram/Ram4096x16_TPort_R0C6_DOUTB8 drives no load.
Warning: CMP201: Net ad1_mod/data_in_ram/Ram4096x16_TPort_R0C12_DOUTA0 drives no load.
Warning: CMP201: Net ad1_mod/data_in_ram/Ram4096x16_TPort_R0C12_DOUTA1 drives no load.
Warning: CMP201: Net ad1_mod/data_in_ram/Ram4096x16_TPort_R0C12_DOUTA2 drives no load.
Warning: CMP201: Net ad1_mod/data_in_ram/Ram4096x16_TPort_R0C12_DOUTA3 drives no load.
Warning: CMP201: Net ad1_mod/data_in_ram/Ram4096x16_TPort_R0C12_DOUTA4 drives no load.
Warning: CMP201: Net ad1_mod/data_in_ram/Ram4096x16_TPort_R0C12_DOUTA5 drives no load.
Warning: CMP201: Net ad1_mod/data_in_ram/Ram4096x16_TPort_R0C12_DOUTA6 drives no load.
Warning: CMP201: Net ad1_mod/data_in_ram/Ram4096x16_TPort_R0C12_DOUTA7 drives no load.
Warning: CMP201: Net ad1_mod/data_in_ram/Ram4096x16_TPort_R0C12_DOUTA8 drives no load.
Warning: CMP201: Net ad1_mod/data_in_ram/Ram4096x16_TPort_R0C12_DOUTB1 drives no load.
Warning: CMP201: Net ad1_mod/data_in_ram/Ram4096x16_TPort_R0C12_DOUTB2 drives no load.
Warning: CMP201: Net ad1_mod/data_in_ram/Ram4096x16_TPort_R0C12_DOUTB3 drives no load.
Warning: CMP201: Net ad1_mod/data_in_ram/Ram4096x16_TPort_R0C12_DOUTB4 drives no load.
Warning: CMP201: Net ad1_mod/data_in_ram/Ram4096x16_TPort_R0C12_DOUTB5 drives no load.
Warning: CMP201: Net ad1_mod/data_in_ram/Ram4096x16_TPort_R0C12_DOUTB6 drives no load.
Warning: CMP201: Net ad1_mod/data_in_ram/Ram4096x16_TPort_R0C12_DOUTB7 drives no load.
Warning: CMP201: Net ad1_mod/data_in_ram/Ram4096x16_TPort_R0C12_DOUTB8 drives no load.
Warning: CMP201: Net ad1_mod/data_in_ram/Ram4096x16_TPort_R0C5_DOUTA0 drives no load.
Warning: CMP201: Net ad1_mod/data_in_ram/Ram4096x16_TPort_R0C5_DOUTA1 drives no load.
Warning: CMP201: Net ad1_mod/data_in_ram/Ram4096x16_TPort_R0C5_DOUTA2 drives no load.
Warning: CMP201: Net ad1_mod/data_in_ram/Ram4096x16_TPort_R0C5_DOUTA3 drives no load.
Warning: CMP201: Net ad1_mod/data_in_ram/Ram4096x16_TPort_R0C5_DOUTA4 drives no load.
Warning: CMP201: Net ad1_mod/data_in_ram/Ram4096x16_TPort_R0C5_DOUTA5 drives no load.
Warning: CMP201: Net ad1_mod/data_in_ram/Ram4096x16_TPort_R0C5_DOUTA6 drives no load.
Warning: CMP201: Net ad1_mod/data_in_ram/Ram4096x16_TPort_R0C5_DOUTA7 drives no load.
Warning: CMP201: Net ad1_mod/data_in_ram/Ram4096x16_TPort_R0C5_DOUTA8 drives no load.
Warning: CMP201: Net ad1_mod/data_in_ram/Ram4096x16_TPort_R0C5_DOUTB1 drives no load.
Warning: CMP201: Net ad1_mod/data_in_ram/Ram4096x16_TPort_R0C5_DOUTB2 drives no load.
Warning: CMP201: Net ad1_mod/data_in_ram/Ram4096x16_TPort_R0C5_DOUTB3 drives no load.
Warning: CMP201: Net ad1_mod/data_in_ram/Ram4096x16_TPort_R0C5_DOUTB4 drives no load.
Warning: CMP201: Net ad1_mod/data_in_ram/Ram4096x16_TPort_R0C5_DOUTB5 drives no load.
Warning: CMP201: Net ad1_mod/data_in_ram/Ram4096x16_TPort_R0C5_DOUTB6 drives no load.
Warning: CMP201: Net ad1_mod/data_in_ram/Ram4096x16_TPort_R0C5_DOUTB7 drives no load.
Warning: CMP201: Net ad1_mod/data_in_ram/Ram4096x16_TPort_R0C5_DOUTB8 drives no load.
Warning: CMP201: Net ad1_mod/data_in_ram/Ram4096x16_TPort_R0C13_DOUTA0 drives no load.
Warning: CMP201: Net ad1_mod/data_in_ram/Ram4096x16_TPort_R0C13_DOUTA1 drives no load.
Warning: CMP201: Net ad1_mod/data_in_ram/Ram4096x16_TPort_R0C13_DOUTA2 drives no load.
Warning: CMP201: Net ad1_mod/data_in_ram/Ram4096x16_TPort_R0C13_DOUTA3 drives no load.
Warning: CMP201: Net ad1_mod/data_in_ram/Ram4096x16_TPort_R0C13_DOUTA4 drives no load.
Warning: CMP201: Net ad1_mod/data_in_ram/Ram4096x16_TPort_R0C13_DOUTA5 drives no load.
Warning: CMP201: Net ad1_mod/data_in_ram/Ram4096x16_TPort_R0C13_DOUTA6 drives no load.
Warning: CMP201: Net ad1_mod/data_in_ram/Ram4096x16_TPort_R0C13_DOUTA7 drives no load.
Warning: CMP201: Net ad1_mod/data_in_ram/Ram4096x16_TPort_R0C13_DOUTA8 drives no load.
Warning: CMP201: Net ad1_mod/data_in_ram/Ram4096x16_TPort_R0C13_DOUTB1 drives no load.
Warning: CMP201: Net ad1_mod/data_in_ram/Ram4096x16_TPort_R0C13_DOUTB2 drives no load.
Warning: CMP201: Net ad1_mod/data_in_ram/Ram4096x16_TPort_R0C13_DOUTB3 drives no load.
Warning: CMP201: Net ad1_mod/data_in_ram/Ram4096x16_TPort_R0C13_DOUTB4 drives no load.
Warning: CMP201: Net ad1_mod/data_in_ram/Ram4096x16_TPort_R0C13_DOUTB5 drives no load.
Warning: CMP201: Net ad1_mod/data_in_ram/Ram4096x16_TPort_R0C13_DOUTB6 drives no load.
Warning: CMP201: Net ad1_mod/data_in_ram/Ram4096x16_TPort_R0C13_DOUTB7 drives no load.
Warning: CMP201: Net ad1_mod/data_in_ram/Ram4096x16_TPort_R0C13_DOUTB8 drives no load.
Warning: CMP201: Net ad1_mod/data_in_ram/Ram4096x16_TPort_R0C7_DOUTA0 drives no load.
Warning: CMP201: Net ad1_mod/data_in_ram/Ram4096x16_TPort_R0C7_DOUTA1 drives no load.
Warning: CMP201: Net ad1_mod/data_in_ram/Ram4096x16_TPort_R0C7_DOUTA2 drives no load.
Warning: CMP201: Net ad1_mod/data_in_ram/Ram4096x16_TPort_R0C7_DOUTA3 drives no load.
Warning: CMP201: Net ad1_mod/data_in_ram/Ram4096x16_TPort_R0C7_DOUTA4 drives no load.
Warning: CMP201: Net ad1_mod/data_in_ram/Ram4096x16_TPort_R0C7_DOUTA5 drives no load.
Warning: CMP201: Net ad1_mod/data_in_ram/Ram4096x16_TPort_R0C7_DOUTA6 drives no load.
Warning: CMP201: Net ad1_mod/data_in_ram/Ram4096x16_TPort_R0C7_DOUTA7 drives no load.
Warning: CMP201: Net ad1_mod/data_in_ram/Ram4096x16_TPort_R0C7_DOUTA8 drives no load.
Warning: CMP201: Net ad1_mod/data_in_ram/Ram4096x16_TPort_R0C7_DOUTB1 drives no load.
Warning: CMP201: Net ad1_mod/data_in_ram/Ram4096x16_TPort_R0C7_DOUTB2 drives no load.
Warning: CMP201: Net ad1_mod/data_in_ram/Ram4096x16_TPort_R0C7_DOUTB3 drives no load.
Warning: CMP201: Net ad1_mod/data_in_ram/Ram4096x16_TPort_R0C7_DOUTB4 drives no load.
Warning: CMP201: Net ad1_mod/data_in_ram/Ram4096x16_TPort_R0C7_DOUTB5 drives no load.
Warning: CMP201: Net ad1_mod/data_in_ram/Ram4096x16_TPort_R0C7_DOUTB6 drives no load.
Warning: CMP201: Net ad1_mod/data_in_ram/Ram4096x16_TPort_R0C7_DOUTB7 drives no load.
Warning: CMP201: Net ad1_mod/data_in_ram/Ram4096x16_TPort_R0C7_DOUTB8 drives no load.
Warning: CMP201: Net ad1_mod/data_in_ram/Ram4096x16_TPort_R0C1_DOUTA0 drives no load.
Warning: CMP201: Net ad1_mod/data_in_ram/Ram4096x16_TPort_R0C1_DOUTA1 drives no load.
Warning: CMP201: Net ad1_mod/data_in_ram/Ram4096x16_TPort_R0C1_DOUTA2 drives no load.
Warning: CMP201: Net ad1_mod/data_in_ram/Ram4096x16_TPort_R0C1_DOUTA3 drives no load.
Warning: CMP201: Net ad1_mod/data_in_ram/Ram4096x16_TPort_R0C1_DOUTA4 drives no load.
Warning: CMP201: Net ad1_mod/data_in_ram/Ram4096x16_TPort_R0C1_DOUTA5 drives no load.
Warning: CMP201: Net ad1_mod/data_in_ram/Ram4096x16_TPort_R0C1_DOUTA6 drives no load.
Warning: CMP201: Net ad1_mod/data_in_ram/Ram4096x16_TPort_R0C1_DOUTA7 drives no load.
Warning: CMP201: Net ad1_mod/data_in_ram/Ram4096x16_TPort_R0C1_DOUTA8 drives no load.
Warning: CMP201: Net ad1_mod/data_in_ram/Ram4096x16_TPort_R0C1_DOUTB1 drives no load.
Warning: CMP201: Net ad1_mod/data_in_ram/Ram4096x16_TPort_R0C1_DOUTB2 drives no load.
Warning: CMP201: Net ad1_mod/data_in_ram/Ram4096x16_TPort_R0C1_DOUTB3 drives no load.
Warning: CMP201: Net ad1_mod/data_in_ram/Ram4096x16_TPort_R0C1_DOUTB4 drives no load.
Warning: CMP201: Net ad1_mod/data_in_ram/Ram4096x16_TPort_R0C1_DOUTB5 drives no load.
Warning: CMP201: Net ad1_mod/data_in_ram/Ram4096x16_TPort_R0C1_DOUTB6 drives no load.
Warning: CMP201: Net ad1_mod/data_in_ram/Ram4096x16_TPort_R0C1_DOUTB7 drives no load.
Warning: CMP201: Net ad1_mod/data_in_ram/Ram4096x16_TPort_R0C1_DOUTB8 drives no load.
Warning: CMP201: Net hotlink/data_in_ram/Ram256x11_TPort_R0C0_RD11 drives no load.
Warning: CMP201: Net hotlink/data_in_ram/Ram256x11_TPort_R0C0_RD12 drives no load.
Warning: CMP201: Net hotlink/data_in_ram/Ram256x11_TPort_R0C0_RD13 drives no load.
Warning: CMP201: Net hotlink/data_in_ram/Ram256x11_TPort_R0C0_RD14 drives no load.
Warning: CMP201: Net hotlink/data_in_ram/Ram256x11_TPort_R0C0_RD15 drives no load.
Warning: CMP201: Net hotlink/data_in_ram/Ram256x11_TPort_R0C0_RD16 drives no load.
Warning: CMP201: Net hotlink/data_in_ram/Ram256x11_TPort_R0C0_RD17 drives no load.
Warning: CMP201: Net ad2_mod/data_in_ram/un1_Ram4096x16_TPort_R0C11_13 drives no load.
Warning: CMP201: Net ad2_mod/data_in_ram/un1_Ram4096x16_TPort_R0C11_1 drives no load.
Warning: CMP201: Net ad2_mod/data_in_ram/un1_Ram4096x16_TPort_R0C11_2 drives no load.
Warning: CMP201: Net ad2_mod/data_in_ram/un1_Ram4096x16_TPort_R0C11_3 drives no load.
Warning: CMP201: Net ad2_mod/data_in_ram/un1_Ram4096x16_TPort_R0C11_5 drives no load.
Warning: CMP201: Net ad2_mod/data_in_ram/un1_Ram4096x16_TPort_R0C11_4 drives no load.
Warning: CMP201: Net ad2_mod/data_in_ram/un1_Ram4096x16_TPort_R0C11_6 drives no load.
Warning: CMP201: Net ad2_mod/data_in_ram/un1_Ram4096x16_TPort_R0C11_7 drives no load.
Warning: CMP201: Net ad2_mod/data_in_ram/un1_Ram4096x16_TPort_R0C11_8 drives no load.
Warning: CMP201: Net ad2_mod/data_in_ram/un1_Ram4096x16_TPort_R0C11_10 drives no load.
Warning: CMP201: Net ad2_mod/data_in_ram/un1_Ram4096x16_TPort_R0C11_11 drives no load.
Warning: CMP201: Net ad2_mod/data_in_ram/un1_Ram4096x16_TPort_R0C11_12 drives no load.
Warning: CMP201: Net ad2_mod/data_in_ram/un1_Ram4096x16_TPort_R0C11_9 drives no load.
Warning: CMP201: Net ad2_mod/data_in_ram/un1_Ram4096x16_TPort_R0C11_14 drives no load.
Warning: CMP201: Net ad2_mod/data_in_ram/un1_Ram4096x16_TPort_R0C11_15 drives no load.
Warning: CMP201: Net ad2_mod/data_in_ram/un1_Ram4096x16_TPort_R0C11_16 drives no load.
Warning: CMP201: Net ad2_mod/data_in_ram/un1_Ram4096x16_TPort_R0C11 drives no load.
Warning: CMP201: Net ad2_mod/data_in_ram/un1_Ram4096x16_TPort_R0C14 drives no load.
Warning: CMP201: Net ad2_mod/data_in_ram/un1_Ram4096x16_TPort_R0C14_1 drives no load.
Warning: CMP201: Net ad2_mod/data_in_ram/un1_Ram4096x16_TPort_R0C14_2 drives no load.
Warning: CMP201: Net ad2_mod/data_in_ram/un1_Ram4096x16_TPort_R0C14_3 drives no load.
Warning: CMP201: Net ad2_mod/data_in_ram/un1_Ram4096x16_TPort_R0C14_4 drives no load.
Warning: CMP201: Net ad2_mod/data_in_ram/un1_Ram4096x16_TPort_R0C14_5 drives no load.
Warning: CMP201: Net ad2_mod/data_in_ram/un1_Ram4096x16_TPort_R0C14_6 drives no load.
Warning: CMP201: Net ad2_mod/data_in_ram/un1_Ram4096x16_TPort_R0C14_7 drives no load.
Warning: CMP201: Net ad2_mod/data_in_ram/un1_Ram4096x16_TPort_R0C14_8 drives no load.
Warning: CMP201: Net ad2_mod/data_in_ram/un1_Ram4096x16_TPort_R0C14_10 drives no load.
Warning: CMP201: Net ad2_mod/data_in_ram/un1_Ram4096x16_TPort_R0C14_11 drives no load.
Warning: CMP201: Net ad2_mod/data_in_ram/un1_Ram4096x16_TPort_R0C14_12 drives no load.
Warning: CMP201: Net ad2_mod/data_in_ram/un1_Ram4096x16_TPort_R0C14_9 drives no load.
Warning: CMP201: Net ad2_mod/data_in_ram/un1_Ram4096x16_TPort_R0C14_14 drives no load.
Warning: CMP201: Net ad2_mod/data_in_ram/un1_Ram4096x16_TPort_R0C14_15 drives no load.
Warning: CMP201: Net ad2_mod/data_in_ram/un1_Ram4096x16_TPort_R0C14_16 drives no load.
Warning: CMP201: Net ad2_mod/data_in_ram/un1_Ram4096x16_TPort_R0C14_13 drives no load.
Warning: CMP201: Net ad2_mod/data_in_ram/un1_Ram4096x16_TPort_R0C9_13 drives no load.
Warning: CMP201: Net ad2_mod/data_in_ram/un1_Ram4096x16_TPort_R0C9_1 drives no load.
Warning: CMP201: Net ad2_mod/data_in_ram/un1_Ram4096x16_TPort_R0C9_2 drives no load.
Warning: CMP201: Net ad2_mod/data_in_ram/un1_Ram4096x16_TPort_R0C9_3 drives no load.
Warning: CMP201: Net ad2_mod/data_in_ram/un1_Ram4096x16_TPort_R0C9_5 drives no load.
Warning: CMP201: Net ad2_mod/data_in_ram/un1_Ram4096x16_TPort_R0C9_4 drives no load.
Warning: CMP201: Net ad2_mod/data_in_ram/un1_Ram4096x16_TPort_R0C9_6 drives no load.
Warning: CMP201: Net ad2_mod/data_in_ram/un1_Ram4096x16_TPort_R0C9_7 drives no load.
Warning: CMP201: Net ad2_mod/data_in_ram/un1_Ram4096x16_TPort_R0C9_8 drives no load.
Warning: CMP201: Net ad2_mod/data_in_ram/un1_Ram4096x16_TPort_R0C9_10 drives no load.
Warning: CMP201: Net ad2_mod/data_in_ram/un1_Ram4096x16_TPort_R0C9_11 drives no load.
Warning: CMP201: Net ad2_mod/data_in_ram/un1_Ram4096x16_TPort_R0C9_12 drives no load.
Warning: CMP201: Net ad2_mod/data_in_ram/un1_Ram4096x16_TPort_R0C9_9 drives no load.
Warning: CMP201: Net ad2_mod/data_in_ram/un1_Ram4096x16_TPort_R0C9_14 drives no load.
Warning: CMP201: Net ad2_mod/data_in_ram/un1_Ram4096x16_TPort_R0C9_15 drives no load.
Warning: CMP201: Net ad2_mod/data_in_ram/un1_Ram4096x16_TPort_R0C9_16 drives no load.
Warning: CMP201: Net ad2_mod/data_in_ram/un1_Ram4096x16_TPort_R0C9 drives no load.
Warning: CMP201: Net ad2_mod/data_in_ram/un1_Ram4096x16_TPort_R0C4_8 drives no load.
Warning: CMP201: Net ad2_mod/data_in_ram/un1_Ram4096x16_TPort_R0C4_16 drives no load.
Warning: CMP201: Net ad2_mod/data_in_ram/un1_Ram4096x16_TPort_R0C4_15 drives no load.
Warning: CMP201: Net ad2_mod/data_in_ram/un1_Ram4096x16_TPort_R0C4_7 drives no load.
Warning: CMP201: Net ad2_mod/data_in_ram/un1_Ram4096x16_TPort_R0C4_4 drives no load.
Warning: CMP201: Net ad2_mod/data_in_ram/un1_Ram4096x16_TPort_R0C4_14 drives no load.
Warning: CMP201: Net ad2_mod/data_in_ram/un1_Ram4096x16_TPort_R0C4_6 drives no load.
Warning: CMP201: Net ad2_mod/data_in_ram/un1_Ram4096x16_TPort_R0C4_3 drives no load.
Warning: CMP201: Net ad2_mod/data_in_ram/un1_Ram4096x16_TPort_R0C4_12 drives no load.
Warning: CMP201: Net ad2_mod/data_in_ram/un1_Ram4096x16_TPort_R0C4_11 drives no load.
Warning: CMP201: Net ad2_mod/data_in_ram/un1_Ram4096x16_TPort_R0C4_10 drives no load.
Warning: CMP201: Net ad2_mod/data_in_ram/un1_Ram4096x16_TPort_R0C4_9 drives no load.
Warning: CMP201: Net ad2_mod/data_in_ram/un1_Ram4096x16_TPort_R0C4_13 drives no load.
Warning: CMP201: Net ad2_mod/data_in_ram/un1_Ram4096x16_TPort_R0C4_5 drives no load.
Warning: CMP201: Net ad2_mod/data_in_ram/un1_Ram4096x16_TPort_R0C4_2 drives no load.
Warning: CMP201: Net ad2_mod/data_in_ram/un1_Ram4096x16_TPort_R0C4 drives no load.
Warning: CMP201: Net ad2_mod/data_in_ram/un1_Ram4096x16_TPort_R0C4_1 drives no load.
Warning: CMP201: Net ad2_mod/data_in_ram/un1_Ram4096x16_TPort_R0C10 drives no load.
Warning: CMP201: Net ad2_mod/data_in_ram/un1_Ram4096x16_TPort_R0C10_1 drives no load.
Warning: CMP201: Net ad2_mod/data_in_ram/un1_Ram4096x16_TPort_R0C10_2 drives no load.
Warning: CMP201: Net ad2_mod/data_in_ram/un1_Ram4096x16_TPort_R0C10_3 drives no load.
Warning: CMP201: Net ad2_mod/data_in_ram/un1_Ram4096x16_TPort_R0C10_4 drives no load.
Warning: CMP201: Net ad2_mod/data_in_ram/un1_Ram4096x16_TPort_R0C10_5 drives no load.
Warning: CMP201: Net ad2_mod/data_in_ram/un1_Ram4096x16_TPort_R0C10_6 drives no load.
Warning: CMP201: Net ad2_mod/data_in_ram/un1_Ram4096x16_TPort_R0C10_7 drives no load.
Warning: CMP201: Net ad2_mod/data_in_ram/un1_Ram4096x16_TPort_R0C10_8 drives no load.
Warning: CMP201: Net ad2_mod/data_in_ram/un1_Ram4096x16_TPort_R0C10_10 drives no load.
Warning: CMP201: Net ad2_mod/data_in_ram/un1_Ram4096x16_TPort_R0C10_11 drives no load.
Warning: CMP201: Net ad2_mod/data_in_ram/un1_Ram4096x16_TPort_R0C10_12 drives no load.
Warning: CMP201: Net ad2_mod/data_in_ram/un1_Ram4096x16_TPort_R0C10_9 drives no load.
Warning: CMP201: Net ad2_mod/data_in_ram/un1_Ram4096x16_TPort_R0C10_14 drives no load.
Warning: CMP201: Net ad2_mod/data_in_ram/un1_Ram4096x16_TPort_R0C10_15 drives no load.
Warning: CMP201: Net ad2_mod/data_in_ram/un1_Ram4096x16_TPort_R0C10_16 drives no load.
Warning: CMP201: Net ad2_mod/data_in_ram/un1_Ram4096x16_TPort_R0C10_13 drives no load.
Warning: CMP201: Net ad2_mod/data_in_ram/un1_Ram4096x16_TPort_R0C15_13 drives no load.
Warning: CMP201: Net ad2_mod/data_in_ram/un1_Ram4096x16_TPort_R0C15_14 drives no load.
Warning: CMP201: Net ad2_mod/data_in_ram/un1_Ram4096x16_TPort_R0C15_15 drives no load.
Warning: CMP201: Net ad2_mod/data_in_ram/un1_Ram4096x16_TPort_R0C15_16 drives no load.
Warning: CMP201: Net ad2_mod/data_in_ram/un1_Ram4096x16_TPort_R0C15_4 drives no load.
Warning: CMP201: Net ad2_mod/data_in_ram/un1_Ram4096x16_TPort_R0C15_10 drives no load.
Warning: CMP201: Net ad2_mod/data_in_ram/un1_Ram4096x16_TPort_R0C15_11 drives no load.
Warning: CMP201: Net ad2_mod/data_in_ram/un1_Ram4096x16_TPort_R0C15_12 drives no load.
Warning: CMP201: Net ad2_mod/data_in_ram/un1_Ram4096x16_TPort_R0C15_9 drives no load.
Warning: CMP201: Net ad2_mod/data_in_ram/un1_Ram4096x16_TPort_R0C15_5 drives no load.
Warning: CMP201: Net ad2_mod/data_in_ram/un1_Ram4096x16_TPort_R0C15_6 drives no load.
Warning: CMP201: Net ad2_mod/data_in_ram/un1_Ram4096x16_TPort_R0C15_7 drives no load.
Warning: CMP201: Net ad2_mod/data_in_ram/un1_Ram4096x16_TPort_R0C15_8 drives no load.
Warning: CMP201: Net ad2_mod/data_in_ram/un1_Ram4096x16_TPort_R0C15_1 drives no load.
Warning: CMP201: Net ad2_mod/data_in_ram/un1_Ram4096x16_TPort_R0C15_2 drives no load.
Warning: CMP201: Net ad2_mod/data_in_ram/un1_Ram4096x16_TPort_R0C15_3 drives no load.
Warning: CMP201: Net ad2_mod/data_in_ram/un1_Ram4096x16_TPort_R0C15 drives no load.
Warning: CMP201: Net ad2_mod/data_in_ram/un1_Ram4096x16_TPort_R0C8 drives no load.
Warning: CMP201: Net ad2_mod/data_in_ram/un1_Ram4096x16_TPort_R0C8_1 drives no load.
Warning: CMP201: Net ad2_mod/data_in_ram/un1_Ram4096x16_TPort_R0C8_2 drives no load.
Warning: CMP201: Net ad2_mod/data_in_ram/un1_Ram4096x16_TPort_R0C8_3 drives no load.
Warning: CMP201: Net ad2_mod/data_in_ram/un1_Ram4096x16_TPort_R0C8_4 drives no load.
Warning: CMP201: Net ad2_mod/data_in_ram/un1_Ram4096x16_TPort_R0C8_5 drives no load.
Warning: CMP201: Net ad2_mod/data_in_ram/un1_Ram4096x16_TPort_R0C8_6 drives no load.
Warning: CMP201: Net ad2_mod/data_in_ram/un1_Ram4096x16_TPort_R0C8_7 drives no load.
Warning: CMP201: Net ad2_mod/data_in_ram/un1_Ram4096x16_TPort_R0C8_8 drives no load.
Warning: CMP201: Net ad2_mod/data_in_ram/un1_Ram4096x16_TPort_R0C8_10 drives no load.
Warning: CMP201: Net ad2_mod/data_in_ram/un1_Ram4096x16_TPort_R0C8_11 drives no load.
Warning: CMP201: Net ad2_mod/data_in_ram/un1_Ram4096x16_TPort_R0C8_12 drives no load.
Warning: CMP201: Net ad2_mod/data_in_ram/un1_Ram4096x16_TPort_R0C8_9 drives no load.
Warning: CMP201: Net ad2_mod/data_in_ram/un1_Ram4096x16_TPort_R0C8_14 drives no load.
Warning: CMP201: Net ad2_mod/data_in_ram/un1_Ram4096x16_TPort_R0C8_15 drives no load.
Warning: CMP201: Net ad2_mod/data_in_ram/un1_Ram4096x16_TPort_R0C8_16 drives no load.
Warning: CMP201: Net ad2_mod/data_in_ram/un1_Ram4096x16_TPort_R0C8_13 drives no load.
Warning: CMP201: Net ad2_mod/data_in_ram/un1_Ram4096x16_TPort_R0C0_13 drives no load.
Warning: CMP201: Net ad2_mod/data_in_ram/un1_Ram4096x16_TPort_R0C0_14 drives no load.
Warning: CMP201: Net ad2_mod/data_in_ram/un1_Ram4096x16_TPort_R0C0_15 drives no load.
Warning: CMP201: Net ad2_mod/data_in_ram/un1_Ram4096x16_TPort_R0C0_16 drives no load.
Warning: CMP201: Net ad2_mod/data_in_ram/un1_Ram4096x16_TPort_R0C0_4 drives no load.
Warning: CMP201: Net ad2_mod/data_in_ram/un1_Ram4096x16_TPort_R0C0_10 drives no load.
Warning: CMP201: Net ad2_mod/data_in_ram/un1_Ram4096x16_TPort_R0C0_11 drives no load.
Warning: CMP201: Net ad2_mod/data_in_ram/un1_Ram4096x16_TPort_R0C0_12 drives no load.
Warning: CMP201: Net ad2_mod/data_in_ram/un1_Ram4096x16_TPort_R0C0_9 drives no load.
Warning: CMP201: Net ad2_mod/data_in_ram/un1_Ram4096x16_TPort_R0C0_5 drives no load.
Warning: CMP201: Net ad2_mod/data_in_ram/un1_Ram4096x16_TPort_R0C0_6 drives no load.
Warning: CMP201: Net ad2_mod/data_in_ram/un1_Ram4096x16_TPort_R0C0_7 drives no load.
Warning: CMP201: Net ad2_mod/data_in_ram/un1_Ram4096x16_TPort_R0C0_8 drives no load.
Warning: CMP201: Net ad2_mod/data_in_ram/un1_Ram4096x16_TPort_R0C0_1 drives no load.
Warning: CMP201: Net ad2_mod/data_in_ram/un1_Ram4096x16_TPort_R0C0_2 drives no load.
Warning: CMP201: Net ad2_mod/data_in_ram/un1_Ram4096x16_TPort_R0C0_3 drives no load.
Warning: CMP201: Net ad2_mod/data_in_ram/un1_Ram4096x16_TPort_R0C0 drives no load.
Warning: CMP201: Net ad2_mod/data_in_ram/un1_Ram4096x16_TPort_R0C2 drives no load.
Warning: CMP201: Net ad2_mod/data_in_ram/un1_Ram4096x16_TPort_R0C2_1 drives no load.
Warning: CMP201: Net ad2_mod/data_in_ram/un1_Ram4096x16_TPort_R0C2_2 drives no load.
Warning: CMP201: Net ad2_mod/data_in_ram/un1_Ram4096x16_TPort_R0C2_3 drives no load.
Warning: CMP201: Net ad2_mod/data_in_ram/un1_Ram4096x16_TPort_R0C2_4 drives no load.
Warning: CMP201: Net ad2_mod/data_in_ram/un1_Ram4096x16_TPort_R0C2_5 drives no load.
Warning: CMP201: Net ad2_mod/data_in_ram/un1_Ram4096x16_TPort_R0C2_6 drives no load.
Warning: CMP201: Net ad2_mod/data_in_ram/un1_Ram4096x16_TPort_R0C2_7 drives no load.
Warning: CMP201: Net ad2_mod/data_in_ram/un1_Ram4096x16_TPort_R0C2_8 drives no load.
Warning: CMP201: Net ad2_mod/data_in_ram/un1_Ram4096x16_TPort_R0C2_10 drives no load.
Warning: CMP201: Net ad2_mod/data_in_ram/un1_Ram4096x16_TPort_R0C2_11 drives no load.
Warning: CMP201: Net ad2_mod/data_in_ram/un1_Ram4096x16_TPort_R0C2_12 drives no load.
Warning: CMP201: Net ad2_mod/data_in_ram/un1_Ram4096x16_TPort_R0C2_9 drives no load.
Warning: CMP201: Net ad2_mod/data_in_ram/un1_Ram4096x16_TPort_R0C2_14 drives no load.
Warning: CMP201: Net ad2_mod/data_in_ram/un1_Ram4096x16_TPort_R0C2_15 drives no load.
Warning: CMP201: Net ad2_mod/data_in_ram/un1_Ram4096x16_TPort_R0C2_16 drives no load.
Warning: CMP201: Net ad2_mod/data_in_ram/un1_Ram4096x16_TPort_R0C2_13 drives no load.
Warning: CMP201: Net ad2_mod/data_in_ram/un1_Ram4096x16_TPort_R0C3_16 drives no load.
Warning: CMP201: Net ad2_mod/data_in_ram/un1_Ram4096x16_TPort_R0C3_13 drives no load.
Warning: CMP201: Net ad2_mod/data_in_ram/un1_Ram4096x16_TPort_R0C3_15 drives no load.
Warning: CMP201: Net ad2_mod/data_in_ram/un1_Ram4096x16_TPort_R0C3_12 drives no load.
Warning: CMP201: Net ad2_mod/data_in_ram/un1_Ram4096x16_TPort_R0C3_9 drives no load.
Warning: CMP201: Net ad2_mod/data_in_ram/un1_Ram4096x16_TPort_R0C3_8 drives no load.
Warning: CMP201: Net ad2_mod/data_in_ram/un1_Ram4096x16_TPort_R0C3_7 drives no load.
Warning: CMP201: Net ad2_mod/data_in_ram/un1_Ram4096x16_TPort_R0C3_6 drives no load.
Warning: CMP201: Net ad2_mod/data_in_ram/un1_Ram4096x16_TPort_R0C3_4 drives no load.
Warning: CMP201: Net ad2_mod/data_in_ram/un1_Ram4096x16_TPort_R0C3_14 drives no load.
Warning: CMP201: Net ad2_mod/data_in_ram/un1_Ram4096x16_TPort_R0C3_11 drives no load.
Warning: CMP201: Net ad2_mod/data_in_ram/un1_Ram4096x16_TPort_R0C3_3 drives no load.
Warning: CMP201: Net ad2_mod/data_in_ram/un1_Ram4096x16_TPort_R0C3_5 drives no load.
Warning: CMP201: Net ad2_mod/data_in_ram/un1_Ram4096x16_TPort_R0C3_10 drives no load.
Warning: CMP201: Net ad2_mod/data_in_ram/un1_Ram4096x16_TPort_R0C3_2 drives no load.
Warning: CMP201: Net ad2_mod/data_in_ram/un1_Ram4096x16_TPort_R0C3_1 drives no load.
Warning: CMP201: Net ad2_mod/data_in_ram/un1_Ram4096x16_TPort_R0C3 drives no load.
Warning: CMP201: Net ad2_mod/data_in_ram/un1_Ram4096x16_TPort_R0C6 drives no load.
Warning: CMP201: Net ad2_mod/data_in_ram/un1_Ram4096x16_TPort_R0C6_1 drives no load.
Warning: CMP201: Net ad2_mod/data_in_ram/un1_Ram4096x16_TPort_R0C6_2 drives no load.
Warning: CMP201: Net ad2_mod/data_in_ram/un1_Ram4096x16_TPort_R0C6_3 drives no load.
Warning: CMP201: Net ad2_mod/data_in_ram/un1_Ram4096x16_TPort_R0C6_4 drives no load.
Warning: CMP201: Net ad2_mod/data_in_ram/un1_Ram4096x16_TPort_R0C6_5 drives no load.
Warning: CMP201: Net ad2_mod/data_in_ram/un1_Ram4096x16_TPort_R0C6_6 drives no load.
Warning: CMP201: Net ad2_mod/data_in_ram/un1_Ram4096x16_TPort_R0C6_7 drives no load.
Warning: CMP201: Net ad2_mod/data_in_ram/un1_Ram4096x16_TPort_R0C6_8 drives no load.
Warning: CMP201: Net ad2_mod/data_in_ram/un1_Ram4096x16_TPort_R0C6_10 drives no load.
Warning: CMP201: Net ad2_mod/data_in_ram/un1_Ram4096x16_TPort_R0C6_11 drives no load.
Warning: CMP201: Net ad2_mod/data_in_ram/un1_Ram4096x16_TPort_R0C6_12 drives no load.
Warning: CMP201: Net ad2_mod/data_in_ram/un1_Ram4096x16_TPort_R0C6_9 drives no load.
Warning: CMP201: Net ad2_mod/data_in_ram/un1_Ram4096x16_TPort_R0C6_14 drives no load.
Warning: CMP201: Net ad2_mod/data_in_ram/un1_Ram4096x16_TPort_R0C6_15 drives no load.
Warning: CMP201: Net ad2_mod/data_in_ram/un1_Ram4096x16_TPort_R0C6_16 drives no load.
Warning: CMP201: Net ad2_mod/data_in_ram/un1_Ram4096x16_TPort_R0C6_13 drives no load.
Warning: CMP201: Net ad2_mod/data_in_ram/un1_Ram4096x16_TPort_R0C12_13 drives no load.
Warning: CMP201: Net ad2_mod/data_in_ram/un1_Ram4096x16_TPort_R0C12_1 drives no load.
Warning: CMP201: Net ad2_mod/data_in_ram/un1_Ram4096x16_TPort_R0C12_2 drives no load.
Warning: CMP201: Net ad2_mod/data_in_ram/un1_Ram4096x16_TPort_R0C12_3 drives no load.
Warning: CMP201: Net ad2_mod/data_in_ram/un1_Ram4096x16_TPort_R0C12_5 drives no load.
Warning: CMP201: Net ad2_mod/data_in_ram/un1_Ram4096x16_TPort_R0C12_4 drives no load.
Warning: CMP201: Net ad2_mod/data_in_ram/un1_Ram4096x16_TPort_R0C12_6 drives no load.
Warning: CMP201: Net ad2_mod/data_in_ram/un1_Ram4096x16_TPort_R0C12_7 drives no load.
Warning: CMP201: Net ad2_mod/data_in_ram/un1_Ram4096x16_TPort_R0C12_8 drives no load.
Warning: CMP201: Net ad2_mod/data_in_ram/un1_Ram4096x16_TPort_R0C12_10 drives no load.
Warning: CMP201: Net ad2_mod/data_in_ram/un1_Ram4096x16_TPort_R0C12_11 drives no load.
Warning: CMP201: Net ad2_mod/data_in_ram/un1_Ram4096x16_TPort_R0C12_12 drives no load.
Warning: CMP201: Net ad2_mod/data_in_ram/un1_Ram4096x16_TPort_R0C12_9 drives no load.
Warning: CMP201: Net ad2_mod/data_in_ram/un1_Ram4096x16_TPort_R0C12_14 drives no load.
Warning: CMP201: Net ad2_mod/data_in_ram/un1_Ram4096x16_TPort_R0C12_15 drives no load.
Warning: CMP201: Net ad2_mod/data_in_ram/un1_Ram4096x16_TPort_R0C12_16 drives no load.
Warning: CMP201: Net ad2_mod/data_in_ram/un1_Ram4096x16_TPort_R0C12 drives no load.
Warning: CMP201: Net ad2_mod/data_in_ram/un1_Ram4096x16_TPort_R0C5 drives no load.
Warning: CMP201: Net ad2_mod/data_in_ram/un1_Ram4096x16_TPort_R0C5_1 drives no load.
Warning: CMP201: Net ad2_mod/data_in_ram/un1_Ram4096x16_TPort_R0C5_2 drives no load.
Warning: CMP201: Net ad2_mod/data_in_ram/un1_Ram4096x16_TPort_R0C5_3 drives no load.
Warning: CMP201: Net ad2_mod/data_in_ram/un1_Ram4096x16_TPort_R0C5_4 drives no load.
Warning: CMP201: Net ad2_mod/data_in_ram/un1_Ram4096x16_TPort_R0C5_5 drives no load.
Warning: CMP201: Net ad2_mod/data_in_ram/un1_Ram4096x16_TPort_R0C5_6 drives no load.
Warning: CMP201: Net ad2_mod/data_in_ram/un1_Ram4096x16_TPort_R0C5_7 drives no load.
Warning: CMP201: Net ad2_mod/data_in_ram/un1_Ram4096x16_TPort_R0C5_8 drives no load.
Warning: CMP201: Net ad2_mod/data_in_ram/un1_Ram4096x16_TPort_R0C5_10 drives no load.
Warning: CMP201: Net ad2_mod/data_in_ram/un1_Ram4096x16_TPort_R0C5_11 drives no load.
Warning: CMP201: Net ad2_mod/data_in_ram/un1_Ram4096x16_TPort_R0C5_12 drives no load.
Warning: CMP201: Net ad2_mod/data_in_ram/un1_Ram4096x16_TPort_R0C5_9 drives no load.
Warning: CMP201: Net ad2_mod/data_in_ram/un1_Ram4096x16_TPort_R0C5_14 drives no load.
Warning: CMP201: Net ad2_mod/data_in_ram/un1_Ram4096x16_TPort_R0C5_15 drives no load.
Warning: CMP201: Net ad2_mod/data_in_ram/un1_Ram4096x16_TPort_R0C5_16 drives no load.
Warning: CMP201: Net ad2_mod/data_in_ram/un1_Ram4096x16_TPort_R0C5_13 drives no load.
Warning: CMP201: Net ad2_mod/data_in_ram/un1_Ram4096x16_TPort_R0C13 drives no load.
Warning: CMP201: Net ad2_mod/data_in_ram/un1_Ram4096x16_TPort_R0C13_1 drives no load.
Warning: CMP201: Net ad2_mod/data_in_ram/un1_Ram4096x16_TPort_R0C13_16 drives no load.
Warning: CMP201: Net ad2_mod/data_in_ram/un1_Ram4096x16_TPort_R0C13_15 drives no load.
Warning: CMP201: Net ad2_mod/data_in_ram/un1_Ram4096x16_TPort_R0C13_4 drives no load.
Warning: CMP201: Net ad2_mod/data_in_ram/un1_Ram4096x16_TPort_R0C13_5 drives no load.
Warning: CMP201: Net ad2_mod/data_in_ram/un1_Ram4096x16_TPort_R0C13_6 drives no load.
Warning: CMP201: Net ad2_mod/data_in_ram/un1_Ram4096x16_TPort_R0C13_7 drives no load.
Warning: CMP201: Net ad2_mod/data_in_ram/un1_Ram4096x16_TPort_R0C13_8 drives no load.
Warning: CMP201: Net ad2_mod/data_in_ram/un1_Ram4096x16_TPort_R0C13_10 drives no load.
Warning: CMP201: Net ad2_mod/data_in_ram/un1_Ram4096x16_TPort_R0C13_11 drives no load.
Warning: CMP201: Net ad2_mod/data_in_ram/un1_Ram4096x16_TPort_R0C13_12 drives no load.
Warning: CMP201: Net ad2_mod/data_in_ram/un1_Ram4096x16_TPort_R0C13_9 drives no load.
Warning: CMP201: Net ad2_mod/data_in_ram/un1_Ram4096x16_TPort_R0C13_14 drives no load.
Warning: CMP201: Net ad2_mod/data_in_ram/un1_Ram4096x16_TPort_R0C13_3 drives no load.
Warning: CMP201: Net ad2_mod/data_in_ram/un1_Ram4096x16_TPort_R0C13_2 drives no load.
Warning: CMP201: Net ad2_mod/data_in_ram/un1_Ram4096x16_TPort_R0C13_13 drives no load.
Warning: CMP201: Net ad2_mod/data_in_ram/un1_Ram4096x16_TPort_R0C7 drives no load.
Warning: CMP201: Net ad2_mod/data_in_ram/un1_Ram4096x16_TPort_R0C7_1 drives no load.
Warning: CMP201: Net ad2_mod/data_in_ram/un1_Ram4096x16_TPort_R0C7_2 drives no load.
Warning: CMP201: Net ad2_mod/data_in_ram/un1_Ram4096x16_TPort_R0C7_3 drives no load.
Warning: CMP201: Net ad2_mod/data_in_ram/un1_Ram4096x16_TPort_R0C7_4 drives no load.
Warning: CMP201: Net ad2_mod/data_in_ram/un1_Ram4096x16_TPort_R0C7_5 drives no load.
Warning: CMP201: Net ad2_mod/data_in_ram/un1_Ram4096x16_TPort_R0C7_6 drives no load.
Warning: CMP201: Net ad2_mod/data_in_ram/un1_Ram4096x16_TPort_R0C7_7 drives no load.
Warning: CMP201: Net ad2_mod/data_in_ram/un1_Ram4096x16_TPort_R0C7_8 drives no load.
Warning: CMP201: Net ad2_mod/data_in_ram/un1_Ram4096x16_TPort_R0C7_10 drives no load.
Warning: CMP201: Net ad2_mod/data_in_ram/un1_Ram4096x16_TPort_R0C7_11 drives no load.
Warning: CMP201: Net ad2_mod/data_in_ram/un1_Ram4096x16_TPort_R0C7_12 drives no load.
Warning: CMP201: Net ad2_mod/data_in_ram/un1_Ram4096x16_TPort_R0C7_9 drives no load.
Warning: CMP201: Net ad2_mod/data_in_ram/un1_Ram4096x16_TPort_R0C7_14 drives no load.
Warning: CMP201: Net ad2_mod/data_in_ram/un1_Ram4096x16_TPort_R0C7_15 drives no load.
Warning: CMP201: Net ad2_mod/data_in_ram/un1_Ram4096x16_TPort_R0C7_16 drives no load.
Warning: CMP201: Net ad2_mod/data_in_ram/un1_Ram4096x16_TPort_R0C7_13 drives no load.
Warning: CMP201: Net ad2_mod/data_in_ram/un1_Ram4096x16_TPort_R0C1_14 drives no load.
Warning: CMP201: Net ad2_mod/data_in_ram/un1_Ram4096x16_TPort_R0C1_13 drives no load.
Warning: CMP201: Net ad2_mod/data_in_ram/un1_Ram4096x16_TPort_R0C1_2 drives no load.
Warning: CMP201: Net ad2_mod/data_in_ram/un1_Ram4096x16_TPort_R0C1_3 drives no load.
Warning: CMP201: Net ad2_mod/data_in_ram/un1_Ram4096x16_TPort_R0C1_4 drives no load.
Warning: CMP201: Net ad2_mod/data_in_ram/un1_Ram4096x16_TPort_R0C1_5 drives no load.
Warning: CMP201: Net ad2_mod/data_in_ram/un1_Ram4096x16_TPort_R0C1_6 drives no load.
Warning: CMP201: Net ad2_mod/data_in_ram/un1_Ram4096x16_TPort_R0C1_7 drives no load.
Warning: CMP201: Net ad2_mod/data_in_ram/un1_Ram4096x16_TPort_R0C1_8 drives no load.
Warning: CMP201: Net ad2_mod/data_in_ram/un1_Ram4096x16_TPort_R0C1_10 drives no load.
Warning: CMP201: Net ad2_mod/data_in_ram/un1_Ram4096x16_TPort_R0C1_11 drives no load.
Warning: CMP201: Net ad2_mod/data_in_ram/un1_Ram4096x16_TPort_R0C1_12 drives no load.
Warning: CMP201: Net ad2_mod/data_in_ram/un1_Ram4096x16_TPort_R0C1_9 drives no load.
Warning: CMP201: Net ad2_mod/data_in_ram/un1_Ram4096x16_TPort_R0C1 drives no load.
Warning: CMP201: Net ad2_mod/data_in_ram/un1_Ram4096x16_TPort_R0C1_15 drives no load.
Warning: CMP201: Net ad2_mod/data_in_ram/un1_Ram4096x16_TPort_R0C1_16 drives no load.
Warning: CMP201: Net ad2_mod/data_in_ram/un1_Ram4096x16_TPort_R0C1_1 drives no load.
Warning: Top level port PCAN_TX is not connected to any IO pad
Warning: Top level port PCAN_RX is not connected to any IO pad

Netlist Optimization Report
===========================

Optimized macros:
  - Dangling net drivers:   0
  - Buffers:                1
  - Inverters:              1
  - Tieoff:                 2
  - Logic combining:        582

    Total macros optimized  586

Warning: CMP503: Remapped 65 enable flip-flop(s) to a 2-tile implementation because the CLR/PRE
         pin on the enable flip-flop is not being driven by a global net.

There were 0 error(s) and 678 warning(s) in this design.
=====================================================================

Reading user pdc (Physical Design Constraints) file(s) postcompile

Warning: PDC01: port name doesn't exist in the netlist or is not connected to an IoCell macro at
PDC Line : set_io PCAN_RX -pinname R23 -fixed yes -iostd LVCMOS33
Warning: PDC01: port name doesn't exist in the netlist or is not connected to an IoCell macro at
PDC Line : set_io PCAN_TX -pinname K6 -fixed yes -iostd LVCMOS33

There were 0 error(s) and 2 warning(s) in reading the user pdc.

=====================================================================

Reading previous post-compile physical placement constraints.


There were 0 error(s) and 0 warning(s).

=====================================================================
Compile report:
===============

    CORE                       Used:  14639  Total:  75264   (19.45%)
    IO (W/ clocks)             Used:    318  Total:    620   (51.29%)
    Differential IO            Used:      0  Total:    310   (0.00%)
    GLOBAL (Chip+Quadrant)     Used:     12  Total:     18   (66.67%)
    PLL                        Used:      1  Total:      6   (16.67%)
    RAM/FIFO                   Used:     42  Total:    112   (37.50%)
    Low Static ICC             Used:      0  Total:      1   (0.00%)
    FlashROM                   Used:      0  Total:      1   (0.00%)
    User JTAG                  Used:      0  Total:      1   (0.00%)

Global Information:

    Type            | Used   | Total
    ----------------|--------|--------------
    Chip global     | 12     | 6  (200.00%)*
    Quadrant global | 0      | 12 (0.00%)

    (*) Chip globals may be assigned to Quadrant globals using the Multi-View Navigator (MVN)
        or Physical Design Constraints (PDC).
        They may also be assigned to Quadrant globals automatically during Layout.

Core Information:

    Type    | Instances    | Core tiles
    --------|--------------|-----------
    COMB    | 11351        | 11351
    SEQ     | 3288         | 3288

I/O Function:

    Type                          | w/o register  | w/ register  | w/ DDR register
    ------------------------------|---------------|--------------|----------------
    Input I/O                     | 115           | 0            | 0
    Output I/O                    | 154           | 0            | 0
    Bidirectional I/O             | 49            | 0            | 0
    Differential Input I/O Pairs  | 0             | 0            | 0
    Differential Output I/O Pairs | 0             | 0            | 0

I/O Technology:

                                    |   Voltages    |             I/Os
    --------------------------------|-------|-------|-------|--------|--------------
    I/O Standard(s)                 | Vcci  | Vref  | Input | Output | Bidirectional
    --------------------------------|-------|-------|-------|--------|--------------
    LVCMOS33                        | 3.30v | N/A   | 115   | 154    | 49

I/O Placement:

    Locked  : 318 ( 100.00% )
    Placed  :   0
    UnPlaced:   0

Net information report:
=======================

The following nets drive enable flip-flops that have been remapped to a 2-tile implementation:
    EffCnt  Type          Name
    --------------------------
    16      SET/RESET_NET Net   : coll_mod/N_91
                          Driver: coll_mod/med_en_RNI6BMC_0
    16      SET/RESET_NET Net   : mel_mod/cntr_rst
                          Driver: mel_mod/cntr_rst
    15      SET/RESET_NET Net   : mel_mod/cntr_rst_0
                          Driver: mel_mod/cntr_rst_0
    15      SET/RESET_NET Net   : osc_count/resetb
                          Driver: osc_count/resetb
    3       SET/RESET_NET Net   : coll_mod/N_91_0
                          Driver: coll_mod/med_en_RNI6BMC

The following nets have been assigned to a chip global resource:
    Fanout  Type          Name
    --------------------------
    2861    SET/RESET_NET Net   : opb_rst
                          Driver: RESET_N_pad_RNIS8J2_0
                          Source: NETLIST
    1390    CLK_NET       Net   : TP150_c
                          Driver: PCI_CLK2_pad_RNIFL85
                          Source: NETLIST
    1137    CLK_NET       Net   : SYSCLK_c
                          Driver: SYSCLK_RNIN4R5
                          Source: NETLIST
    393     CLK_NET       Net   : clk_data
                          Driver: Clocks/pci_clk_div/clkout_netprop_RNICT4T2_0
                          Source: NETLIST
    360     INT_NET       Net   : rs485_mod/N_28
                          Driver: rs485_mod/done_RNIO3C7_0
                          Source: NETLIST
    167     CLK_NET       Net   : TP152_c
                          Driver: Clocks/sclk/clkout_netprop_RNIMR0O_0
                          Source: NETLIST
    162     INT_NET       Net   : opb_addr[4]
                          Driver: pci_target/OPB_ADDR_RNIR2R[4]
                          Source: NETLIST
    126     INT_NET       Net   : opb_addr[2]
                          Driver: pci_target/OPB_ADDR_RNIPQQ[2]
                          Source: NETLIST
    107     CLK_NET       Net   : coll_mod/GLA
                          Driver: coll_mod/sd_clk16x_inst/Core
                          Source: ESSENTIAL
    106     SET/RESET_NET Net   : PCI_RST
                          Driver: PCI_RST_pad_RNICO
                          Source: NETLIST
    106     SET/RESET_NET Net   : coll_mod/N_158
                          Driver: coll_mod/sw_rst_RNIPJQ7_0
                          Source: NETLIST
    1       CLK_NET       Net   : SYSCLK_IN
                          Driver: SYSCLK_RNO
                          Source: NETLIST

High fanout nets in the post compile netlist:
    Fanout  Type          Name
    --------------------------
    103     INT_NET       Net   : PCI_AD_in[0]
                          Driver: PCI_AD_pad[0]
    65      INT_NET       Net   : PCI_AD_in[1]
                          Driver: PCI_AD_pad[1]
    65      INT_NET       Net   : PCI_AD_in[3]
                          Driver: PCI_AD_pad[3]
    62      INT_NET       Net   : PCI_AD_in[2]
                          Driver: PCI_AD_pad[2]
    61      INT_NET       Net   : PCI_AD_in[5]
                          Driver: PCI_AD_pad[5]
    61      INT_NET       Net   : PCI_AD_in[6]
                          Driver: PCI_AD_pad[6]
    60      INT_NET       Net   : PCI_AD_in[7]
                          Driver: PCI_AD_pad[7]
    59      INT_NET       Net   : PCI_AD_in[4]
                          Driver: PCI_AD_pad[4]
    53      INT_NET       Net   : PCI_AD_in[8]
                          Driver: PCI_AD_pad[8]
    51      INT_NET       Net   : PCI_AD_in[10]
                          Driver: PCI_AD_pad[10]

Nets that are candidates for clock assignment and the resulting fanout:
    Fanout  Type          Name
    --------------------------
    103     INT_NET       Net   : PCI_AD_in[0]
                          Driver: PCI_AD_pad[0]
    65      INT_NET       Net   : PCI_AD_in[1]
                          Driver: PCI_AD_pad[1]
    65      INT_NET       Net   : PCI_AD_in[3]
                          Driver: PCI_AD_pad[3]
    62      INT_NET       Net   : PCI_AD_in[2]
                          Driver: PCI_AD_pad[2]
    61      INT_NET       Net   : PCI_AD_in[5]
                          Driver: PCI_AD_pad[5]
    61      INT_NET       Net   : PCI_AD_in[6]
                          Driver: PCI_AD_pad[6]
    60      INT_NET       Net   : PCI_AD_in[7]
                          Driver: PCI_AD_pad[7]
    59      INT_NET       Net   : PCI_AD_in[4]
                          Driver: PCI_AD_pad[4]
    53      INT_NET       Net   : PCI_AD_in[8]
                          Driver: PCI_AD_pad[8]
    51      INT_NET       Net   : PCI_AD_in[10]
                          Driver: PCI_AD_pad[10]
While analyzing gated clock network, ambiguities have been found on gates
Clocks/pci_clk_div/clkout_netprop_RNICT4T2:Y, hotlink/rtclkdiv/clkout_RNIDBTT1:Y,
Clocks/sclk/clkout_netprop_RNIMR0O:Y, hotlink/rtclkdiv/clkout_RNIDBTT1_0:Y,
Clocks/stat_led2_clk/clkout_netprop_RNIGMBG1:Y, hotlink/rtclkdiv/clkout_RNIDBTT1_2:Y,
hotlink/rtclkdiv/clkout_RNIDBTT1_1:Y, ilim_dac_mod/tx_clk_mod/clkout_RNIUIO82:Y,
Clocks/pci_16KHz_div/clkout_netprop_RNI4JL22:Y, Clocks/aqclkdiv/clkout_netprop_RNII8UQ1:Y.
The timing models of these gates have been simplified for Static Timing Analysis.


SDC Import: Begin processing constraints...



SDC Import: End processing constraints


The Compile command succeeded ( 00:00:22 )
***** Layout Variables *********************************************

Mode: TIMING_DRIVEN
Power-driven Layout: OFF
Incremental Placement: OFF
Incremental Route: OFF
High Effort Layout Mode: ON
Sequential Optimization: ON
Repair Hold Violations: ON


Warning: The advanced layout option 'High Effort Layout Mode' is active.

Running I/O Bank Assigner.

I/O Bank Assigner completed successfully.
 

Planning global net placement...
Info: PLC007: Created quadrant global region Qclock_PCI_RST for global net PCI_RST.
Info: PLC007: Created quadrant global region Qclock_clk_data for global net clk_data.
Info: PLC007: Created quadrant global region Qclock_TP152_c for global net TP152_c.
Info: PLC007: Created quadrant global region Qclock_coll_mod/GLA for global net coll_mod/GLA.
Info: PLC007: Created quadrant global region Qclock_coll_mod/N_158 for global net
      coll_mod/N_158.
Info: PLC007: Created quadrant global region Qclock_rs485_mod/N_28 for global net
      rs485_mod/N_28.




Global net placement completed successfully.

                        o - o - o - o - o - o

Timing-driven Placer Started: Wed May 11 15:18:59 2011
High-Effort Placer Started...

Placer Finished: Wed May 11 15:31:51 2011
Total Placer CPU Time:     00:12:52

                        o - o - o - o - o - o





Post-Layout Core Information:
    Used:  12786  Total:  75264   (16.99%)

    Type       | Instances    | Core tiles
    -----------|--------------|-----------
    COMB       | 9498         | 9498
    SEQ        | 3288         | 3288
While analyzing gated clock network, ambiguities have been found on gates
HIEFFPLA_INST_0_65103:Y, HIEFFPLA_INST_0_94046:Y, HIEFFPLA_INST_0_65928:Y,
HIEFFPLA_INST_0_66381:Y, HIEFFPLA_INST_0_95240:Y, HIEFFPLA_INST_0_63954:Y.
The timing models of these gates have been simplified for Static Timing Analysis.

Timing-driven Router 
Design: top_100015532TFW                Started: Wed May 11 15:32:28 2011

 

Timing-driven Router completed successfully.

Design: top_100015532TFW                
Finished: Wed May 11 15:34:42 2011
Total CPU Time:     00:02:14            Total Elapsed Time: 00:02:14
                        o - o - o - o - o - o

Loading the Timing data for the design.
While analyzing gated clock network, ambiguities have been found on gates
HIEFFPLA_INST_0_65103:Y, HIEFFPLA_INST_0_94046:Y, HIEFFPLA_INST_0_65928:Y,
HIEFFPLA_INST_0_66381:Y, HIEFFPLA_INST_0_95240:Y, HIEFFPLA_INST_0_63954:Y.
The timing models of these gates have been simplified for Static Timing Analysis.
Finished loading the Timing data.
TIMER: Max delay timing requirements have NOT been met.
TIMER: Min delay timing requirements have NOT been met.

The Layout command succeeded ( 00:16:30 )

The Export-map command succeeded ( 00:00:56 )
Warning: Overwriting the existing file: T:\Test
         Working\KIK2-MSVisualStudio\VMS\100015532\Firmware\100015532TFW.Actel\\100015532TFW.pd\
         b.
Wrote to the file: T:\Test
Working\KIK2-MSVisualStudio\VMS\100015532\Firmware\100015532TFW.Actel\\100015532TFW.pdb
CHECKSUM: 5776

The Generate programming file command succeeded ( 00:17:56 )
Design saved to file T:\Test
Working\KIK2-MSVisualStudio\VMS\100015532\Firmware\100015532TFW.Actel\designer\impl1\top_100015\
532TFW.adb.
Design closed.

