
Starting:    C:\Actel\Libero_v9.1\Synopsys\synplify_E201009A-1\bin\mbin\synplify.exe
Install:     C:\Actel\Libero_v9.1\Synopsys\synplify_E201009A-1
Date:        Wed May 11 15:15:41 2011
Version:     E-2010.09A-1

Arguments:   -product synplify_pro top_100015532TFW_syn.prj
ProductType: synplify_pro

License checkout: synplifypro_actel
License: synplifypro_actel node-locked 
Licensed Vendor: actel
License Feature: actel_oem



"maxfan_hard3" is unrecognized option for current device

Running synthesis on top_100015532TFW_syn:synthesis

log file: "T:\Test Working\KIK2-MSVisualStudio\VMS\100015532\Firmware\100015532TFW.Actel\synthesis\top_100015532TFW.srr"



Running HDL Compiler...

compiler exited with errors


Job: "Compiler" terminated with error status: 2.
See log file: "T:\Test Working\KIK2-MSVisualStudio\VMS\100015532\Firmware\100015532TFW.Actel\synthesis\top_100015532TFW.srr"
Return Code: 2
Run Time:00:00:01

Opening object source file t:\test working\kik2-msvisualstudio\vms\100015532\firmware\100015532tfw.actel\hdl\adc_ad7663as.v

Running synthesis on top_100015532TFW_syn:synthesis

log file: "T:\Test Working\KIK2-MSVisualStudio\VMS\100015532\Firmware\100015532TFW.Actel\synthesis\top_100015532TFW.srr"



Running HDL Compiler...


Compiler Completed with warnings
Return Code: 1
Run Time:00:00:03


Running ProASIC3E Mapper...


ProASIC3E Mapper Completed with warnings
Return Code: 1
Run Time:00:00:41

exit status=0


License checkin: synplifypro_actel

